<?xml version="1.0" encoding="UTF-8"?>
<coverage generated="1753902561578" clover="3.2.0">
  <project timestamp="1753902561578" name="All files">
    <metrics statements="332" coveredstatements="298" conditionals="191" coveredconditionals="150" methods="104" coveredmethods="94" elements="627" coveredelements="542" complexity="0" loc="332" ncloc="332" packages="1" files="6" classes="6"/>
    <file name="HardwarePrediction.tsx" path="C:\Users\DELL\Desktop\banking_prediction (3)  bluee\banking_prediction\banking_prediction\frontend\src\pages\HardwarePrediction.tsx">
      <metrics statements="41" coveredstatements="41" conditionals="16" coveredconditionals="16" methods="11" coveredmethods="11"/>
      <line num="2" count="1" type="stmt"/>
      <line num="3" count="1" type="stmt"/>
      <line num="12" count="1" type="stmt"/>
      <line num="31" count="1" type="cond" truecount="1" falsecount="0"/>
      <line num="32" count="20" type="stmt"/>
      <line num="50" count="1" type="stmt"/>
      <line num="54" count="6" type="stmt"/>
      <line num="70" count="15" type="stmt"/>
      <line num="71" count="15" type="stmt"/>
      <line num="74" count="15" type="stmt"/>
      <line num="75" count="15" type="stmt"/>
      <line num="76" count="15" type="stmt"/>
      <line num="78" count="15" type="stmt"/>
      <line num="79" count="13" type="stmt"/>
      <line num="80" count="13" type="stmt"/>
      <line num="81" count="10" type="stmt"/>
      <line num="83" count="10" type="stmt"/>
      <line num="84" count="10" type="stmt"/>
      <line num="86" count="10" type="cond" truecount="2" falsecount="0"/>
      <line num="90" count="10" type="cond" truecount="2" falsecount="0"/>
      <line num="91" count="10" type="cond" truecount="4" falsecount="0"/>
      <line num="92" count="3" type="stmt"/>
      <line num="94" count="3" type="stmt"/>
      <line num="96" count="2" type="stmt"/>
      <line num="101" count="3" type="stmt"/>
      <line num="102" count="3" type="stmt"/>
      <line num="103" count="3" type="stmt"/>
      <line num="104" count="3" type="stmt"/>
      <line num="106" count="7" type="stmt"/>
      <line num="107" count="7" type="stmt"/>
      <line num="108" count="7" type="stmt"/>
      <line num="111" count="3" type="stmt"/>
      <line num="115" count="15" type="stmt"/>
      <line num="116" count="13" type="stmt"/>
      <line num="117" count="13" type="stmt"/>
      <line num="118" count="13" type="stmt"/>
      <line num="121" count="15" type="stmt"/>
      <line num="210" count="4" type="stmt"/>
      <line num="214" count="30" type="stmt"/>
      <line num="241" count="2" type="stmt"/>
      <line num="297" count="1" type="stmt"/>
    </file>
    <file name="HomePage.tsx" path="C:\Users\DELL\Desktop\banking_prediction (3)  bluee\banking_prediction\banking_prediction\frontend\src\pages\HomePage.tsx">
      <metrics statements="12" coveredstatements="12" conditionals="2" coveredconditionals="2" methods="6" coveredmethods="6"/>
      <line num="1" count="1" type="stmt"/>
      <line num="2" count="1" type="stmt"/>
      <line num="10" count="1" type="stmt"/>
      <line num="12" count="1" type="stmt"/>
      <line num="19" count="27" type="stmt"/>
      <line num="21" count="26" type="stmt"/>
      <line num="22" count="25" type="stmt"/>
      <line num="23" count="1" type="stmt"/>
      <line num="26" count="25" type="stmt"/>
      <line num="28" count="26" type="stmt"/>
      <line num="247" count="234" type="stmt"/>
      <line num="314" count="1" type="stmt"/>
    </file>
    <file name="Maintenance.tsx" path="C:\Users\DELL\Desktop\banking_prediction (3)  bluee\banking_prediction\banking_prediction\frontend\src\pages\Maintenance.tsx">
      <metrics statements="3" coveredstatements="3" conditionals="0" coveredconditionals="0" methods="1" coveredmethods="1"/>
      <line num="1" count="1" type="stmt"/>
      <line num="4" count="8" type="stmt"/>
      <line num="300" count="1" type="stmt"/>
    </file>
    <file name="Report.tsx" path="C:\Users\DELL\Desktop\banking_prediction (3)  bluee\banking_prediction\banking_prediction\frontend\src\pages\Report.tsx">
      <metrics statements="165" coveredstatements="141" conditionals="102" coveredconditionals="79" methods="56" coveredmethods="50"/>
      <line num="705" count="1" type="stmt"/>
      <line num="706" count="1" type="stmt"/>
      <line num="707" count="1" type="stmt"/>
      <line num="716" count="1" type="stmt"/>
      <line num="717" count="1" type="stmt"/>
      <line num="720" count="1" type="stmt"/>
      <line num="743" count="1" type="stmt"/>
      <line num="745" count="74" type="stmt"/>
      <line num="746" count="73" type="stmt"/>
      <line num="747" count="73" type="stmt"/>
      <line num="748" count="73" type="stmt"/>
      <line num="749" count="73" type="stmt"/>
      <line num="750" count="73" type="stmt"/>
      <line num="751" count="73" type="stmt"/>
      <line num="752" count="73" type="stmt"/>
      <line num="755" count="73" type="cond" truecount="0" falsecount="1"/>
      <line num="756" count="146" type="cond" truecount="3" falsecount="1"/>
      <line num="758" count="0" type="stmt"/>
      <line num="759" count="0" type="stmt"/>
      <line num="760" count="0" type="cond" truecount="0" falsecount="2"/>
      <line num="761" count="0" type="cond" truecount="0" falsecount="2"/>
      <line num="763" count="0" type="cond" truecount="0" falsecount="4"/>
      <line num="764" count="0" type="cond" truecount="0" falsecount="2"/>
      <line num="766" count="0" type="stmt"/>
      <line num="767" count="0" type="stmt"/>
      <line num="768" count="0" type="cond" truecount="0" falsecount="2"/>
      <line num="770" count="0" type="stmt"/>
      <line num="775" count="73" type="stmt"/>
      <line num="776" count="22" type="stmt"/>
      <line num="784" count="21" type="stmt"/>
      <line num="787" count="1" type="stmt"/>
      <line num="788" count="1" type="stmt"/>
      <line num="793" count="73" type="stmt"/>
      <line num="794" count="22" type="stmt"/>
      <line num="796" count="22" type="stmt"/>
      <line num="797" count="21" type="stmt"/>
      <line num="798" count="21" type="stmt"/>
      <line num="799" count="1" type="stmt"/>
      <line num="802" count="22" type="stmt"/>
      <line num="803" count="21" type="stmt"/>
      <line num="804" count="21" type="stmt"/>
      <line num="805" count="1" type="stmt"/>
      <line num="808" count="22" type="stmt"/>
      <line num="809" count="22" type="stmt"/>
      <line num="810" count="22" type="stmt"/>
      <line num="814" count="73" type="stmt"/>
      <line num="815" count="58" type="stmt"/>
      <line num="819" count="58" type="stmt"/>
      <line num="820" count="58" type="cond" truecount="4" falsecount="0"/>
      <line num="822" count="17" type="stmt"/>
      <line num="825" count="58" type="stmt"/>
      <line num="827" count="29" type="cond" truecount="2" falsecount="1"/>
      <line num="832" count="58" type="cond" truecount="2" falsecount="0"/>
      <line num="833" count="58" type="cond" truecount="4" falsecount="0"/>
      <line num="834" count="17" type="cond" truecount="2" falsecount="0"/>
      <line num="839" count="73" type="cond" truecount="0" falsecount="1"/>
      <line num="840" count="146" type="stmt"/>
      <line num="841" count="146" type="stmt"/>
      <line num="842" count="17" type="cond" truecount="2" falsecount="0"/>
      <line num="844" count="146" type="stmt"/>
      <line num="848" count="73" type="stmt"/>
      <line num="851" count="73" type="stmt"/>
      <line num="856" count="73" type="stmt"/>
      <line num="857" count="73" type="stmt"/>
      <line num="860" count="73" type="stmt"/>
      <line num="861" count="73" type="stmt"/>
      <line num="864" count="73" type="stmt"/>
      <line num="880" count="73" type="stmt"/>
      <line num="896" count="73" type="stmt"/>
      <line num="913" count="73" type="stmt"/>
      <line num="930" count="73" type="stmt"/>
      <line num="949" count="73" type="stmt"/>
      <line num="961" count="0" type="cond" truecount="0" falsecount="2"/>
      <line num="962" count="0" type="stmt"/>
      <line num="963" count="0" type="stmt"/>
      <line num="964" count="0" type="stmt"/>
      <line num="965" count="0" type="stmt"/>
      <line num="966" count="0" type="stmt"/>
      <line num="969" count="0" type="cond" truecount="0" falsecount="2"/>
      <line num="970" count="0" type="stmt"/>
      <line num="971" count="0" type="stmt"/>
      <line num="979" count="73" type="stmt"/>
      <line num="980" count="12" type="stmt"/>
      <line num="982" count="73" type="stmt"/>
      <line num="984" count="9" type="stmt"/>
      <line num="985" count="14" type="cond" truecount="2" falsecount="0"/>
      <line num="988" count="73" type="stmt"/>
      <line num="990" count="9" type="stmt"/>
      <line num="991" count="14" type="cond" truecount="2" falsecount="0"/>
      <line num="994" count="73" type="stmt"/>
      <line num="1009" count="73" type="stmt"/>
      <line num="1022" count="73" type="stmt"/>
      <line num="1023" count="5" type="stmt"/>
      <line num="1024" count="5" type="stmt"/>
      <line num="1025" count="73" type="stmt"/>
      <line num="1026" count="5" type="stmt"/>
      <line num="1027" count="5" type="stmt"/>
      <line num="1029" count="7" type="cond" truecount="3" falsecount="0"/>
      <line num="1032" count="73" type="stmt"/>
      <line num="1033" count="5" type="stmt"/>
      <line num="1034" count="5" type="stmt"/>
      <line num="1036" count="7" type="cond" truecount="3" falsecount="0"/>
      <line num="1041" count="73" type="stmt"/>
      <line num="1042" count="5" type="stmt"/>
      <line num="1043" count="5" type="stmt"/>
      <line num="1045" count="73" type="stmt"/>
      <line num="1060" count="73" type="stmt"/>
      <line num="1073" count="73" type="stmt"/>
      <line num="1074" count="4" type="cond" truecount="2" falsecount="0"/>
      <line num="1075" count="3" type="stmt"/>
      <line num="1076" count="3" type="stmt"/>
      <line num="1079" count="1" type="stmt"/>
      <line num="1082" count="1" type="stmt"/>
      <line num="1088" count="1" type="stmt"/>
      <line num="1090" count="1" type="stmt"/>
      <line num="1103" count="1" type="stmt"/>
      <line num="1104" count="1" type="stmt"/>
      <line num="1105" count="1" type="stmt"/>
      <line num="1106" count="1" type="stmt"/>
      <line num="1113" count="1" type="stmt"/>
      <line num="1114" count="1" type="stmt"/>
      <line num="1115" count="1" type="stmt"/>
      <line num="1116" count="1" type="stmt"/>
      <line num="1118" count="0" type="stmt"/>
      <line num="1120" count="0" type="stmt"/>
      <line num="1124" count="1" type="stmt"/>
      <line num="1129" count="73" type="stmt"/>
      <line num="1131" count="6" type="stmt"/>
      <line num="1133" count="73" type="stmt"/>
      <line num="1212" count="0" type="stmt"/>
      <line num="1229" count="45" type="stmt"/>
      <line num="1235" count="45" type="stmt"/>
      <line num="1237" count="39" type="cond" truecount="1" falsecount="2"/>
      <line num="1242" count="45" type="cond" truecount="2" falsecount="0"/>
      <line num="1253" count="0" type="stmt"/>
      <line num="1267" count="0" type="stmt"/>
      <line num="1322" count="73" type="stmt"/>
      <line num="1323" count="12" type="stmt"/>
      <line num="1325" count="73" type="stmt"/>
      <line num="1327" count="9" type="stmt"/>
      <line num="1328" count="14" type="cond" truecount="2" falsecount="0"/>
      <line num="1331" count="73" type="stmt"/>
      <line num="1333" count="9" type="stmt"/>
      <line num="1334" count="14" type="cond" truecount="2" falsecount="0"/>
      <line num="1337" count="73" type="stmt"/>
      <line num="1352" count="73" type="cond" truecount="2" falsecount="0"/>
      <line num="1426" count="73" type="stmt"/>
      <line num="1429" count="5" type="stmt"/>
      <line num="1432" count="5" type="stmt"/>
      <line num="1434" count="73" type="stmt"/>
      <line num="1435" count="5" type="stmt"/>
      <line num="1436" count="5" type="stmt"/>
      <line num="1438" count="7" type="cond" truecount="3" falsecount="0"/>
      <line num="1444" count="73" type="stmt"/>
      <line num="1445" count="5" type="stmt"/>
      <line num="1446" count="5" type="stmt"/>
      <line num="1448" count="7" type="cond" truecount="3" falsecount="0"/>
      <line num="1454" count="73" type="stmt"/>
      <line num="1455" count="5" type="stmt"/>
      <line num="1456" count="5" type="stmt"/>
      <line num="1459" count="73" type="stmt"/>
      <line num="1475" count="73" type="cond" truecount="2" falsecount="0"/>
      <line num="1536" count="146" type="stmt"/>
      <line num="1562" count="876" type="stmt"/>
      <line num="1585" count="1" type="stmt"/>
    </file>
    <file name="SignUp.tsx" path="C:\Users\DELL\Desktop\banking_prediction (3)  bluee\banking_prediction\banking_prediction\frontend\src\pages\SignUp.tsx">
      <metrics statements="61" coveredstatements="51" conditionals="40" coveredconditionals="23" methods="17" coveredmethods="13"/>
      <line num="1" count="1" type="stmt"/>
      <line num="2" count="1" type="stmt"/>
      <line num="3" count="1" type="stmt"/>
      <line num="4" count="1" type="stmt"/>
      <line num="5" count="1" type="stmt"/>
      <line num="8" count="89" type="stmt"/>
      <line num="10" count="89" type="stmt"/>
      <line num="20" count="89" type="stmt"/>
      <line num="21" count="89" type="stmt"/>
      <line num="22" count="89" type="stmt"/>
      <line num="23" count="89" type="stmt"/>
      <line num="25" count="89" type="stmt"/>
      <line num="27" count="20" type="stmt"/>
      <line num="28" count="20" type="cond" truecount="2" falsecount="0"/>
      <line num="29" count="1" type="stmt"/>
      <line num="33" count="89" type="stmt"/>
      <line num="34" count="4" type="stmt"/>
      <line num="35" count="4" type="stmt"/>
      <line num="37" count="4" type="cond" truecount="1" falsecount="1"/>
      <line num="38" count="0" type="stmt"/>
      <line num="39" count="4" type="cond" truecount="1" falsecount="1"/>
      <line num="40" count="0" type="stmt"/>
      <line num="41" count="4" type="cond" truecount="1" falsecount="1"/>
      <line num="42" count="0" type="stmt"/>
      <line num="43" count="4" type="cond" truecount="1" falsecount="1"/>
      <line num="44" count="4" type="cond" truecount="1" falsecount="1"/>
      <line num="45" count="0" type="stmt"/>
      <line num="46" count="4" type="cond" truecount="1" falsecount="1"/>
      <line num="47" count="0" type="stmt"/>
      <line num="48" count="4" type="cond" truecount="1" falsecount="1"/>
      <line num="49" count="0" type="stmt"/>
      <line num="51" count="4" type="stmt"/>
      <line num="52" count="4" type="stmt"/>
      <line num="55" count="89" type="stmt"/>
      <line num="58" count="40" type="stmt"/>
      <line num="59" count="40" type="stmt"/>
      <line num="60" count="40" type="stmt"/>
      <line num="63" count="89" type="stmt"/>
      <line num="69" count="89" type="stmt"/>
      <line num="73" count="4" type="stmt"/>
      <line num="76" count="89" type="stmt"/>
      <line num="77" count="4" type="stmt"/>
      <line num="78" count="4" type="cond" truecount="1" falsecount="1"/>
      <line num="80" count="4" type="stmt"/>
      <line num="81" count="4" type="stmt"/>
      <line num="94" count="2" type="stmt"/>
      <line num="96" count="2" type="stmt"/>
      <line num="97" count="2" type="stmt"/>
      <line num="100" count="2" type="cond" truecount="2" falsecount="0"/>
      <line num="101" count="2" type="stmt"/>
      <line num="105" count="89" type="stmt"/>
      <line num="116" count="267" type="stmt"/>
      <line num="158" count="890" type="stmt"/>
      <line num="199" count="0" type="stmt"/>
      <line num="225" count="0" type="stmt"/>
      <line num="243" count="15" type="stmt"/>
      <line num="244" count="15" type="stmt"/>
      <line num="255" count="0" type="stmt"/>
      <line num="259" count="0" type="stmt"/>
      <line num="271" count="1" type="stmt"/>
      <line num="357" count="1" type="stmt"/>
    </file>
    <file name="SoftwarePrediction.tsx" path="C:\Users\DELL\Desktop\banking_prediction (3)  bluee\banking_prediction\banking_prediction\frontend\src\pages\SoftwarePrediction.tsx">
      <metrics statements="50" coveredstatements="50" conditionals="31" coveredconditionals="30" methods="13" coveredmethods="13"/>
      <line num="1" count="1" type="stmt"/>
      <line num="2" count="1" type="stmt"/>
      <line num="4" count="1" type="stmt"/>
      <line num="32" count="1" type="stmt"/>
      <line num="38" count="5" type="stmt"/>
      <line num="39" count="5" type="stmt"/>
      <line num="41" count="5" type="cond" truecount="2" falsecount="0"/>
      <line num="47" count="1" type="stmt"/>
      <line num="48" count="1" type="stmt"/>
      <line num="49" count="4" type="cond" truecount="2" falsecount="0"/>
      <line num="55" count="1" type="stmt"/>
      <line num="56" count="1" type="stmt"/>
      <line num="59" count="5" type="stmt"/>
      <line num="63" count="28" type="stmt"/>
      <line num="64" count="28" type="stmt"/>
      <line num="65" count="28" type="stmt"/>
      <line num="68" count="28" type="cond" truecount="2" falsecount="0"/>
      <line num="69" count="66" type="stmt"/>
      <line num="72" count="28" type="cond" truecount="2" falsecount="0"/>
      <line num="74" count="28" type="stmt"/>
      <line num="75" count="25" type="cond" truecount="4" falsecount="0"/>
      <line num="77" count="10" type="stmt"/>
      <line num="78" count="10" type="stmt"/>
      <line num="79" count="8" type="stmt"/>
      <line num="81" count="8" type="stmt"/>
      <line num="82" count="8" type="cond" truecount="2" falsecount="0"/>
      <line num="84" count="6" type="stmt"/>
      <line num="93" count="6" type="stmt"/>
      <line num="95" count="6" type="stmt"/>
      <line num="102" count="6" type="stmt"/>
      <line num="109" count="5" type="stmt"/>
      <line num="116" count="5" type="stmt"/>
      <line num="131" count="5" type="stmt"/>
      <line num="132" count="5" type="stmt"/>
      <line num="134" count="5" type="stmt"/>
      <line num="135" count="5" type="stmt"/>
      <line num="137" count="3" type="stmt"/>
      <line num="141" count="28" type="stmt"/>
      <line num="142" count="25" type="stmt"/>
      <line num="143" count="25" type="stmt"/>
      <line num="144" count="25" type="stmt"/>
      <line num="147" count="28" type="stmt"/>
      <line num="217" count="10" type="stmt"/>
      <line num="232" count="54" type="stmt"/>
      <line num="261" count="4" type="stmt"/>
      <line num="292" count="4" type="stmt"/>
      <line num="297" count="4" type="stmt"/>
      <line num="307" count="4" type="stmt"/>
      <line num="312" count="4" type="stmt"/>
      <line num="321" count="1" type="stmt"/>
    </file>
  </project>
</coverage>
