{"C:\\Users\\DELL\\Desktop\\banking_prediction (3)  bluee\\banking_prediction\\banking_prediction\\frontend\\src\\pages\\HardwarePrediction.tsx": {"path":"C:\\Users\\DELL\\Desktop\\banking_prediction (3)  bluee\\banking_prediction\\banking_prediction\\frontend\\src\\pages\\HardwarePrediction.tsx","statementMap":{"0":{"start":{"line":2,"column":0},"end":{"line":2,"column":51}},"1":{"start":{"line":3,"column":0},"end":{"line":3,"column":null}},"2":{"start":{"line":12,"column":13},"end":{"line":12,"column":31}},"3":{"start":{"line":31,"column":5},"end":{"line":47,"column":null}},"4":{"start":{"line":32,"column":2},"end":{"line":46,"column":null}},"5":{"start":{"line":50,"column":64},"end":{"line":62,"column":null}},"6":{"start":{"line":54,"column":2},"end":{"line":61,"column":null}},"7":{"start":{"line":70,"column":40},"end":{"line":70,"column":52}},"8":{"start":{"line":71,"column":48},"end":{"line":72,"column":null}},"9":{"start":{"line":74,"column":36},"end":{"line":74,"column":47}},"10":{"start":{"line":75,"column":40},"end":{"line":75,"column":51}},"11":{"start":{"line":76,"column":40},"end":{"line":76,"column":52}},"12":{"start":{"line":78,"column":31},"end":{"line":113,"column":3}},"13":{"start":{"line":79,"column":4},"end":{"line":112,"column":5}},"14":{"start":{"line":80,"column":18},"end":{"line":80,"column":75}},"15":{"start":{"line":81,"column":19},"end":{"line":81,"column":35}},"16":{"start":{"line":83,"column":33},"end":{"line":83,"column":62}},"17":{"start":{"line":84,"column":29},"end":{"line":87,"column":null}},"18":{"start":{"line":86,"column":10},"end":{"line":87,"column":63}},"19":{"start":{"line":90,"column":23},"end":{"line":90,"column":72}},"20":{"start":{"line":91,"column":6},"end":{"line":109,"column":7}},"21":{"start":{"line":92,"column":24},"end":{"line":92,"column":45}},"22":{"start":{"line":94,"column":48},"end":{"line":99,"column":11}},"23":{"start":{"line":96,"column":36},"end":{"line":99,"column":10}},"24":{"start":{"line":101,"column":8},"end":{"line":101,"column":39}},"25":{"start":{"line":102,"column":8},"end":{"line":102,"column":40}},"26":{"start":{"line":103,"column":8},"end":{"line":103,"column":38}},"27":{"start":{"line":104,"column":8},"end":{"line":104,"column":56}},"28":{"start":{"line":106,"column":8},"end":{"line":106,"column":31}},"29":{"start":{"line":107,"column":8},"end":{"line":107,"column":24}},"30":{"start":{"line":108,"column":8},"end":{"line":108,"column":26}},"31":{"start":{"line":111,"column":6},"end":{"line":111,"column":61}},"32":{"start":{"line":115,"column":2},"end":{"line":119,"column":30}},"33":{"start":{"line":116,"column":4},"end":{"line":116,"column":27}},"34":{"start":{"line":117,"column":21},"end":{"line":117,"column":61}},"35":{"start":{"line":118,"column":4},"end":{"line":118,"column":41}},"36":{"start":{"line":118,"column":17},"end":{"line":118,"column":40}},"37":{"start":{"line":121,"column":2},"end":{"line":294,"column":4}},"38":{"start":{"line":210,"column":29},"end":{"line":210,"column":59}},"39":{"start":{"line":214,"column":14},"end":{"line":214,"column":34}},"40":{"start":{"line":241,"column":18},"end":{"line":242,"column":null}},"41":{"start":{"line":297,"column":0},"end":{"line":297,"column":34}}},"fnMap":{"0":{"name":"(anonymous_9)","decl":{"start":{"line":31,"column":5},"end":{"line":31,"column":6}},"loc":{"start":{"line":32,"column":2},"end":{"line":46,"column":null}}},"1":{"name":"(anonymous_10)","decl":{"start":{"line":50,"column":64},"end":{"line":50,"column":65}},"loc":{"start":{"line":54,"column":2},"end":{"line":61,"column":null}}},"2":{"name":"HardwarePrediction","decl":{"start":{"line":69,"column":9},"end":{"line":69,"column":27}},"loc":{"start":{"line":69,"column":65},"end":{"line":295,"column":1}}},"3":{"name":"(anonymous_12)","decl":{"start":{"line":78,"column":31},"end":{"line":78,"column":36}},"loc":{"start":{"line":78,"column":42},"end":{"line":113,"column":3}}},"4":{"name":"(anonymous_13)","decl":{"start":{"line":85,"column":8},"end":{"line":85,"column":9}},"loc":{"start":{"line":86,"column":10},"end":{"line":87,"column":63}}},"5":{"name":"(anonymous_14)","decl":{"start":{"line":96,"column":14},"end":{"line":96,"column":15}},"loc":{"start":{"line":96,"column":36},"end":{"line":99,"column":10}}},"6":{"name":"(anonymous_15)","decl":{"start":{"line":115,"column":12},"end":{"line":115,"column":15}},"loc":{"start":{"line":115,"column":17},"end":{"line":119,"column":3}}},"7":{"name":"(anonymous_16)","decl":{"start":{"line":118,"column":11},"end":{"line":118,"column":14}},"loc":{"start":{"line":118,"column":17},"end":{"line":118,"column":40}}},"8":{"name":"(anonymous_17)","decl":{"start":{"line":210,"column":22},"end":{"line":210,"column":23}},"loc":{"start":{"line":210,"column":29},"end":{"line":210,"column":59}}},"9":{"name":"(anonymous_18)","decl":{"start":{"line":213,"column":22},"end":{"line":213,"column":23}},"loc":{"start":{"line":214,"column":14},"end":{"line":214,"column":34}}},"10":{"name":"(anonymous_19)","decl":{"start":{"line":240,"column":37},"end":{"line":240,"column":38}},"loc":{"start":{"line":241,"column":18},"end":{"line":242,"column":null}}}},"branchMap":{"0":{"loc":{"start":{"line":31,"column":28},"end":{"line":31,"column":37}},"type":"default-arg","locations":[{"start":{"line":31,"column":35},"end":{"line":31,"column":37}}]},"1":{"loc":{"start":{"line":86,"column":10},"end":{"line":87,"column":63}},"type":"binary-expr","locations":[{"start":{"line":86,"column":10},"end":{"line":86,"column":63}},{"start":{"line":87,"column":10},"end":{"line":87,"column":63}}]},"2":{"loc":{"start":{"line":90,"column":23},"end":{"line":90,"column":72}},"type":"cond-expr","locations":[{"start":{"line":90,"column":40},"end":{"line":90,"column":60}},{"start":{"line":90,"column":63},"end":{"line":90,"column":72}}]},"3":{"loc":{"start":{"line":91,"column":6},"end":{"line":109,"column":7}},"type":"if","locations":[{"start":{"line":91,"column":6},"end":{"line":109,"column":7}},{"start":{"line":105,"column":13},"end":{"line":109,"column":7}}]},"4":{"loc":{"start":{"line":91,"column":10},"end":{"line":91,"column":43}},"type":"binary-expr","locations":[{"start":{"line":91,"column":10},"end":{"line":91,"column":18}},{"start":{"line":91,"column":22},"end":{"line":91,"column":43}}]},"5":{"loc":{"start":{"line":194,"column":36},"end":{"line":194,"column":63}},"type":"binary-expr","locations":[{"start":{"line":194,"column":36},"end":{"line":194,"column":44}},{"start":{"line":194,"column":48},"end":{"line":194,"column":63}}]},"6":{"loc":{"start":{"line":221,"column":9},"end":{"line":290,"column":null}},"type":"binary-expr","locations":[{"start":{"line":221,"column":9},"end":{"line":221,"column":17}},{"start":{"line":221,"column":21},"end":{"line":221,"column":32}},{"start":{"line":222,"column":10},"end":{"line":289,"column":null}}]},"7":{"loc":{"start":{"line":238,"column":13},"end":{"line":288,"column":null}},"type":"cond-expr","locations":[{"start":{"line":239,"column":14},"end":{"line":283,"column":null}},{"start":{"line":286,"column":14},"end":{"line":286,"column":null}}]}},"s":{"0":1,"1":1,"2":1,"3":1,"4":20,"5":1,"6":6,"7":15,"8":15,"9":15,"10":15,"11":15,"12":15,"13":13,"14":13,"15":10,"16":10,"17":10,"18":10,"19":10,"20":10,"21":3,"22":3,"23":2,"24":3,"25":3,"26":3,"27":3,"28":7,"29":7,"30":7,"31":3,"32":15,"33":13,"34":13,"35":13,"36":13,"37":15,"38":4,"39":30,"40":2,"41":1},"f":{"0":20,"1":6,"2":15,"3":13,"4":10,"5":2,"6":13,"7":13,"8":4,"9":30,"10":2},"b":{"0":[6],"1":[10,2],"2":[8,2],"3":[3,7],"4":[10,8],"5":[15,1],"6":[15,14,6],"7":[1,5]}}
,"C:\\Users\\DELL\\Desktop\\banking_prediction (3)  bluee\\banking_prediction\\banking_prediction\\frontend\\src\\pages\\HomePage.tsx": {"path":"C:\\Users\\DELL\\Desktop\\banking_prediction (3)  bluee\\banking_prediction\\banking_prediction\\frontend\\src\\pages\\HomePage.tsx","statementMap":{"0":{"start":{"line":1,"column":0},"end":{"line":1,"column":51}},"1":{"start":{"line":2,"column":0},"end":{"line":2,"column":null}},"2":{"start":{"line":10,"column":0},"end":{"line":10,"column":40}},"3":{"start":{"line":12,"column":15},"end":{"line":16,"column":2}},"4":{"start":{"line":19,"column":42},"end":{"line":19,"column":53}},"5":{"start":{"line":21,"column":2},"end":{"line":27,"column":9}},"6":{"start":{"line":22,"column":21},"end":{"line":24,"column":12}},"7":{"start":{"line":23,"column":6},"end":{"line":23,"column":70}},"8":{"start":{"line":23,"column":37},"end":{"line":23,"column":68}},"9":{"start":{"line":26,"column":4},"end":{"line":26,"column":41}},"10":{"start":{"line":26,"column":17},"end":{"line":26,"column":40}},"11":{"start":{"line":28,"column":2},"end":{"line":311,"column":4}},"12":{"start":{"line":247,"column":18},"end":{"line":248,"column":null}},"13":{"start":{"line":314,"column":0},"end":{"line":314,"column":24}}},"fnMap":{"0":{"name":"HomePage","decl":{"start":{"line":18,"column":9},"end":{"line":18,"column":17}},"loc":{"start":{"line":18,"column":17},"end":{"line":312,"column":1}}},"1":{"name":"(anonymous_10)","decl":{"start":{"line":21,"column":12},"end":{"line":21,"column":15}},"loc":{"start":{"line":21,"column":17},"end":{"line":27,"column":3}}},"2":{"name":"(anonymous_11)","decl":{"start":{"line":22,"column":33},"end":{"line":22,"column":36}},"loc":{"start":{"line":22,"column":38},"end":{"line":24,"column":5}}},"3":{"name":"(anonymous_12)","decl":{"start":{"line":23,"column":22},"end":{"line":23,"column":23}},"loc":{"start":{"line":23,"column":37},"end":{"line":23,"column":68}}},"4":{"name":"(anonymous_13)","decl":{"start":{"line":26,"column":11},"end":{"line":26,"column":14}},"loc":{"start":{"line":26,"column":17},"end":{"line":26,"column":40}}},"5":{"name":"(anonymous_14)","decl":{"start":{"line":246,"column":21},"end":{"line":246,"column":22}},"loc":{"start":{"line":247,"column":18},"end":{"line":248,"column":null}}}},"branchMap":{"0":{"loc":{"start":{"line":57,"column":13},"end":{"line":81,"column":null}},"type":"binary-expr","locations":[{"start":{"line":57,"column":13},"end":{"line":57,"column":43}},{"start":{"line":58,"column":14},"end":{"line":80,"column":null}}]}},"s":{"0":1,"1":1,"2":1,"3":1,"4":27,"5":26,"6":25,"7":1,"8":1,"9":25,"10":25,"11":26,"12":234,"13":1},"f":{"0":27,"1":25,"2":1,"3":1,"4":25,"5":234},"b":{"0":[26,25]}}
,"C:\\Users\\DELL\\Desktop\\banking_prediction (3)  bluee\\banking_prediction\\banking_prediction\\frontend\\src\\pages\\Maintenance.tsx": {"path":"C:\\Users\\DELL\\Desktop\\banking_prediction (3)  bluee\\banking_prediction\\banking_prediction\\frontend\\src\\pages\\Maintenance.tsx","statementMap":{"0":{"start":{"line":1,"column":0},"end":{"line":1,"column":26}},"1":{"start":{"line":4,"column":2},"end":{"line":297,"column":4}},"2":{"start":{"line":300,"column":0},"end":{"line":300,"column":35}}},"fnMap":{"0":{"name":"MaintenanceShowcase","decl":{"start":{"line":3,"column":9},"end":{"line":3,"column":28}},"loc":{"start":{"line":3,"column":28},"end":{"line":298,"column":1}}}},"branchMap":{},"s":{"0":1,"1":8,"2":1},"f":{"0":8},"b":{}}
,"C:\\Users\\DELL\\Desktop\\banking_prediction (3)  bluee\\banking_prediction\\banking_prediction\\frontend\\src\\pages\\Report.tsx": {"path":"C:\\Users\\DELL\\Desktop\\banking_prediction (3)  bluee\\banking_prediction\\banking_prediction\\frontend\\src\\pages\\Report.tsx","statementMap":{"0":{"start":{"line":705,"column":0},"end":{"line":705,"column":51}},"1":{"start":{"line":706,"column":0},"end":{"line":706,"column":43}},"2":{"start":{"line":707,"column":0},"end":{"line":707,"column":null}},"3":{"start":{"line":716,"column":0},"end":{"line":716,"column":40}},"4":{"start":{"line":717,"column":0},"end":{"line":717,"column":26}},"5":{"start":{"line":720,"column":0},"end":{"line":727,"column":2}},"6":{"start":{"line":743,"column":25},"end":{"line":1583,"column":1}},"7":{"start":{"line":745,"column":46},"end":{"line":745,"column":70}},"8":{"start":{"line":746,"column":46},"end":{"line":746,"column":70}},"9":{"start":{"line":747,"column":34},"end":{"line":747,"column":63}},"10":{"start":{"line":748,"column":42},"end":{"line":748,"column":62}},"11":{"start":{"line":749,"column":46},"end":{"line":749,"column":66}},"12":{"start":{"line":750,"column":34},"end":{"line":750,"column":54}},"13":{"start":{"line":751,"column":30},"end":{"line":751,"column":50}},"14":{"start":{"line":752,"column":50},"end":{"line":752,"column":74}},"15":{"start":{"line":755,"column":23},"end":{"line":772,"column":3}},"16":{"start":{"line":756,"column":4},"end":{"line":756,"column":44}},"17":{"start":{"line":756,"column":30},"end":{"line":756,"column":44}},"18":{"start":{"line":758,"column":4},"end":{"line":771,"column":7}},"19":{"start":{"line":759,"column":24},"end":{"line":759,"column":49}},"20":{"start":{"line":760,"column":19},"end":{"line":760,"column":55}},"21":{"start":{"line":761,"column":17},"end":{"line":761,"column":49}},"22":{"start":{"line":763,"column":6},"end":{"line":763,"column":49}},"23":{"start":{"line":763,"column":36},"end":{"line":763,"column":49}},"24":{"start":{"line":764,"column":6},"end":{"line":769,"column":7}},"25":{"start":{"line":766,"column":22},"end":{"line":766,"column":34}},"26":{"start":{"line":767,"column":8},"end":{"line":767,"column":40}},"27":{"start":{"line":768,"column":8},"end":{"line":768,"column":44}},"28":{"start":{"line":768,"column":31},"end":{"line":768,"column":44}},"29":{"start":{"line":770,"column":6},"end":{"line":770,"column":18}},"30":{"start":{"line":775,"column":2},"end":{"line":790,"column":9}},"31":{"start":{"line":776,"column":4},"end":{"line":789,"column":9}},"32":{"start":{"line":784,"column":8},"end":{"line":784,"column":35}},"33":{"start":{"line":787,"column":8},"end":{"line":787,"column":56}},"34":{"start":{"line":788,"column":8},"end":{"line":788,"column":26}},"35":{"start":{"line":793,"column":2},"end":{"line":811,"column":9}},"36":{"start":{"line":794,"column":22},"end":{"line":806,"column":5}},"37":{"start":{"line":796,"column":6},"end":{"line":799,"column":79}},"38":{"start":{"line":797,"column":23},"end":{"line":797,"column":33}},"39":{"start":{"line":798,"column":24},"end":{"line":798,"column":47}},"40":{"start":{"line":799,"column":24},"end":{"line":799,"column":77}},"41":{"start":{"line":802,"column":6},"end":{"line":805,"column":79}},"42":{"start":{"line":803,"column":23},"end":{"line":803,"column":33}},"43":{"start":{"line":804,"column":24},"end":{"line":804,"column":47}},"44":{"start":{"line":805,"column":24},"end":{"line":805,"column":77}},"45":{"start":{"line":808,"column":4},"end":{"line":808,"column":16}},"46":{"start":{"line":809,"column":21},"end":{"line":809,"column":50}},"47":{"start":{"line":810,"column":4},"end":{"line":810,"column":41}},"48":{"start":{"line":810,"column":17},"end":{"line":810,"column":40}},"49":{"start":{"line":814,"column":2},"end":{"line":836,"column":63}},"50":{"start":{"line":815,"column":24},"end":{"line":816,"column":null}},"51":{"start":{"line":819,"column":27},"end":{"line":819,"column":39}},"52":{"start":{"line":820,"column":4},"end":{"line":823,"column":5}},"53":{"start":{"line":822,"column":6},"end":{"line":822,"column":34}},"54":{"start":{"line":825,"column":18},"end":{"line":830,"column":null}},"55":{"start":{"line":827,"column":8},"end":{"line":830,"column":66}},"56":{"start":{"line":832,"column":4},"end":{"line":832,"column":49}},"57":{"start":{"line":833,"column":4},"end":{"line":835,"column":5}},"58":{"start":{"line":834,"column":6},"end":{"line":834,"column":41}},"59":{"start":{"line":839,"column":26},"end":{"line":845,"column":3}},"60":{"start":{"line":840,"column":19},"end":{"line":840,"column":58}},"61":{"start":{"line":841,"column":4},"end":{"line":843,"column":7}},"62":{"start":{"line":842,"column":6},"end":{"line":842,"column":61}},"63":{"start":{"line":844,"column":4},"end":{"line":844,"column":18}},"64":{"start":{"line":848,"column":33},"end":{"line":849,"column":null}},"65":{"start":{"line":851,"column":33},"end":{"line":852,"column":null}},"66":{"start":{"line":856,"column":31},"end":{"line":856,"column":70}},"67":{"start":{"line":857,"column":31},"end":{"line":857,"column":70}},"68":{"start":{"line":860,"column":30},"end":{"line":860,"column":59}},"69":{"start":{"line":861,"column":30},"end":{"line":861,"column":59}},"70":{"start":{"line":864,"column":26},"end":{"line":877,"column":4}},"71":{"start":{"line":880,"column":26},"end":{"line":893,"column":4}},"72":{"start":{"line":896,"column":28},"end":{"line":910,"column":4}},"73":{"start":{"line":913,"column":28},"end":{"line":927,"column":4}},"74":{"start":{"line":930,"column":18},"end":{"line":946,"column":4}},"75":{"start":{"line":949,"column":21},"end":{"line":976,"column":4}},"76":{"start":{"line":961,"column":26},"end":{"line":961,"column":45}},"77":{"start":{"line":962,"column":26},"end":{"line":962,"column":37}},"78":{"start":{"line":963,"column":28},"end":{"line":963,"column":43}},"79":{"start":{"line":964,"column":28},"end":{"line":964,"column":40}},"80":{"start":{"line":965,"column":26},"end":{"line":967,"column":null}},"81":{"start":{"line":966,"column":45},"end":{"line":966,"column":55}},"82":{"start":{"line":969,"column":12},"end":{"line":969,"column":42}},"83":{"start":{"line":969,"column":29},"end":{"line":969,"column":42}},"84":{"start":{"line":970,"column":31},"end":{"line":970,"column":65}},"85":{"start":{"line":971,"column":12},"end":{"line":971,"column":57}},"86":{"start":{"line":979,"column":15},"end":{"line":981,"column":19}},"87":{"start":{"line":980,"column":46},"end":{"line":980,"column":51}},"88":{"start":{"line":982,"column":33},"end":{"line":986,"column":null}},"89":{"start":{"line":984,"column":6},"end":{"line":986,"column":14}},"90":{"start":{"line":985,"column":15},"end":{"line":985,"column":54}},"91":{"start":{"line":988,"column":34},"end":{"line":992,"column":null}},"92":{"start":{"line":990,"column":6},"end":{"line":992,"column":14}},"93":{"start":{"line":991,"column":15},"end":{"line":991,"column":55}},"94":{"start":{"line":994,"column":27},"end":{"line":1008,"column":4}},"95":{"start":{"line":1009,"column":30},"end":{"line":1019,"column":4}},"96":{"start":{"line":1022,"column":17},"end":{"line":1024,"column":52}},"97":{"start":{"line":1023,"column":46},"end":{"line":1023,"column":75}},"98":{"start":{"line":1024,"column":20},"end":{"line":1024,"column":51}},"99":{"start":{"line":1025,"column":36},"end":{"line":1031,"column":4}},"100":{"start":{"line":1026,"column":31},"end":{"line":1026,"column":47}},"101":{"start":{"line":1027,"column":4},"end":{"line":1030,"column":13}},"102":{"start":{"line":1029,"column":8},"end":{"line":1029,"column":80}},"103":{"start":{"line":1032,"column":37},"end":{"line":1040,"column":4}},"104":{"start":{"line":1033,"column":31},"end":{"line":1033,"column":47}},"105":{"start":{"line":1034,"column":4},"end":{"line":1039,"column":13}},"106":{"start":{"line":1036,"column":8},"end":{"line":1038,"column":31}},"107":{"start":{"line":1041,"column":31},"end":{"line":1044,"column":4}},"108":{"start":{"line":1042,"column":31},"end":{"line":1042,"column":47}},"109":{"start":{"line":1043,"column":4},"end":{"line":1043,"column":37}},"110":{"start":{"line":1045,"column":38},"end":{"line":1059,"column":4}},"111":{"start":{"line":1060,"column":41},"end":{"line":1070,"column":4}},"112":{"start":{"line":1073,"column":28},"end":{"line":1126,"column":3}},"113":{"start":{"line":1074,"column":4},"end":{"line":1077,"column":5}},"114":{"start":{"line":1075,"column":6},"end":{"line":1075,"column":64}},"115":{"start":{"line":1076,"column":6},"end":{"line":1076,"column":13}},"116":{"start":{"line":1079,"column":4},"end":{"line":1079,"column":30}},"117":{"start":{"line":1082,"column":25},"end":{"line":1086,"column":6}},"118":{"start":{"line":1088,"column":4},"end":{"line":1125,"column":5}},"119":{"start":{"line":1090,"column":23},"end":{"line":1099,"column":null}},"120":{"start":{"line":1103,"column":18},"end":{"line":1103,"column":71}},"121":{"start":{"line":1104,"column":19},"end":{"line":1104,"column":46}},"122":{"start":{"line":1105,"column":6},"end":{"line":1105,"column":22}},"123":{"start":{"line":1106,"column":6},"end":{"line":1112,"column":8}},"124":{"start":{"line":1113,"column":6},"end":{"line":1113,"column":38}},"125":{"start":{"line":1114,"column":6},"end":{"line":1114,"column":19}},"126":{"start":{"line":1115,"column":6},"end":{"line":1115,"column":38}},"127":{"start":{"line":1116,"column":6},"end":{"line":1116,"column":38}},"128":{"start":{"line":1118,"column":6},"end":{"line":1118,"column":60}},"129":{"start":{"line":1120,"column":6},"end":{"line":1122,"column":8}},"130":{"start":{"line":1124,"column":6},"end":{"line":1124,"column":33}},"131":{"start":{"line":1129,"column":28},"end":{"line":1131,"column":38}},"132":{"start":{"line":1131,"column":19},"end":{"line":1131,"column":37}},"133":{"start":{"line":1133,"column":2},"end":{"line":1582,"column":4}},"134":{"start":{"line":1212,"column":29},"end":{"line":1212,"column":60}},"135":{"start":{"line":1229,"column":36},"end":{"line":1233,"column":null}},"136":{"start":{"line":1235,"column":30},"end":{"line":1240,"column":null}},"137":{"start":{"line":1237,"column":20},"end":{"line":1240,"column":70}},"138":{"start":{"line":1242,"column":16},"end":{"line":1242,"column":77}},"139":{"start":{"line":1253,"column":29},"end":{"line":1253,"column":56}},"140":{"start":{"line":1267,"column":29},"end":{"line":1267,"column":54}},"141":{"start":{"line":1322,"column":33},"end":{"line":1324,"column":37}},"142":{"start":{"line":1323,"column":64},"end":{"line":1323,"column":69}},"143":{"start":{"line":1325,"column":40},"end":{"line":1329,"column":null}},"144":{"start":{"line":1327,"column":24},"end":{"line":1329,"column":32}},"145":{"start":{"line":1328,"column":33},"end":{"line":1328,"column":72}},"146":{"start":{"line":1331,"column":41},"end":{"line":1335,"column":null}},"147":{"start":{"line":1333,"column":24},"end":{"line":1335,"column":32}},"148":{"start":{"line":1334,"column":33},"end":{"line":1334,"column":73}},"149":{"start":{"line":1337,"column":33},"end":{"line":1351,"column":22}},"150":{"start":{"line":1352,"column":20},"end":{"line":1377,"column":22}},"151":{"start":{"line":1426,"column":35},"end":{"line":1432,"column":70}},"152":{"start":{"line":1429,"column":33},"end":{"line":1429,"column":62}},"153":{"start":{"line":1432,"column":38},"end":{"line":1432,"column":69}},"154":{"start":{"line":1434,"column":40},"end":{"line":1442,"column":22}},"155":{"start":{"line":1435,"column":49},"end":{"line":1435,"column":65}},"156":{"start":{"line":1436,"column":22},"end":{"line":1441,"column":31}},"157":{"start":{"line":1438,"column":26},"end":{"line":1440,"column":48}},"158":{"start":{"line":1444,"column":41},"end":{"line":1452,"column":22}},"159":{"start":{"line":1445,"column":49},"end":{"line":1445,"column":65}},"160":{"start":{"line":1446,"column":22},"end":{"line":1451,"column":31}},"161":{"start":{"line":1448,"column":26},"end":{"line":1450,"column":49}},"162":{"start":{"line":1454,"column":35},"end":{"line":1457,"column":22}},"163":{"start":{"line":1455,"column":49},"end":{"line":1455,"column":65}},"164":{"start":{"line":1456,"column":22},"end":{"line":1456,"column":55}},"165":{"start":{"line":1459,"column":33},"end":{"line":1473,"column":22}},"166":{"start":{"line":1475,"column":20},"end":{"line":1505,"column":22}},"167":{"start":{"line":1536,"column":14},"end":{"line":1576,"column":16}},"168":{"start":{"line":1562,"column":16},"end":{"line":1563,"column":null}},"169":{"start":{"line":1585,"column":0},"end":{"line":1585,"column":22}}},"fnMap":{"0":{"name":"(anonymous_10)","decl":{"start":{"line":743,"column":25},"end":{"line":743,"column":28}},"loc":{"start":{"line":743,"column":30},"end":{"line":1583,"column":1}}},"1":{"name":"(anonymous_11)","decl":{"start":{"line":755,"column":23},"end":{"line":755,"column":24}},"loc":{"start":{"line":755,"column":48},"end":{"line":772,"column":3}}},"2":{"name":"(anonymous_12)","decl":{"start":{"line":758,"column":25},"end":{"line":758,"column":26}},"loc":{"start":{"line":758,"column":35},"end":{"line":771,"column":5}}},"3":{"name":"(anonymous_13)","decl":{"start":{"line":775,"column":12},"end":{"line":775,"column":15}},"loc":{"start":{"line":775,"column":17},"end":{"line":790,"column":3}}},"4":{"name":"(anonymous_14)","decl":{"start":{"line":783,"column":12},"end":{"line":783,"column":13}},"loc":{"start":{"line":783,"column":20},"end":{"line":785,"column":7}}},"5":{"name":"(anonymous_15)","decl":{"start":{"line":786,"column":13},"end":{"line":786,"column":14}},"loc":{"start":{"line":786,"column":21},"end":{"line":789,"column":7}}},"6":{"name":"(anonymous_16)","decl":{"start":{"line":793,"column":12},"end":{"line":793,"column":15}},"loc":{"start":{"line":793,"column":17},"end":{"line":811,"column":3}}},"7":{"name":"(anonymous_17)","decl":{"start":{"line":794,"column":22},"end":{"line":794,"column":25}},"loc":{"start":{"line":794,"column":27},"end":{"line":806,"column":5}}},"8":{"name":"(anonymous_18)","decl":{"start":{"line":797,"column":14},"end":{"line":797,"column":15}},"loc":{"start":{"line":797,"column":23},"end":{"line":797,"column":33}}},"9":{"name":"(anonymous_19)","decl":{"start":{"line":798,"column":14},"end":{"line":798,"column":15}},"loc":{"start":{"line":798,"column":24},"end":{"line":798,"column":47}}},"10":{"name":"(anonymous_20)","decl":{"start":{"line":799,"column":15},"end":{"line":799,"column":16}},"loc":{"start":{"line":799,"column":24},"end":{"line":799,"column":77}}},"11":{"name":"(anonymous_21)","decl":{"start":{"line":803,"column":14},"end":{"line":803,"column":15}},"loc":{"start":{"line":803,"column":23},"end":{"line":803,"column":33}}},"12":{"name":"(anonymous_22)","decl":{"start":{"line":804,"column":14},"end":{"line":804,"column":15}},"loc":{"start":{"line":804,"column":24},"end":{"line":804,"column":47}}},"13":{"name":"(anonymous_23)","decl":{"start":{"line":805,"column":15},"end":{"line":805,"column":16}},"loc":{"start":{"line":805,"column":24},"end":{"line":805,"column":77}}},"14":{"name":"(anonymous_24)","decl":{"start":{"line":810,"column":11},"end":{"line":810,"column":14}},"loc":{"start":{"line":810,"column":17},"end":{"line":810,"column":40}}},"15":{"name":"(anonymous_25)","decl":{"start":{"line":814,"column":12},"end":{"line":814,"column":15}},"loc":{"start":{"line":814,"column":17},"end":{"line":836,"column":3}}},"16":{"name":"(anonymous_26)","decl":{"start":{"line":826,"column":6},"end":{"line":826,"column":7}},"loc":{"start":{"line":827,"column":8},"end":{"line":830,"column":66}}},"17":{"name":"(anonymous_27)","decl":{"start":{"line":839,"column":26},"end":{"line":839,"column":27}},"loc":{"start":{"line":839,"column":51},"end":{"line":845,"column":3}}},"18":{"name":"(anonymous_28)","decl":{"start":{"line":841,"column":19},"end":{"line":841,"column":20}},"loc":{"start":{"line":841,"column":29},"end":{"line":843,"column":5}}},"19":{"name":"(anonymous_29)","decl":{"start":{"line":960,"column":17},"end":{"line":960,"column":18}},"loc":{"start":{"line":960,"column":34},"end":{"line":972,"column":11}}},"20":{"name":"(anonymous_30)","decl":{"start":{"line":966,"column":14},"end":{"line":966,"column":15}},"loc":{"start":{"line":966,"column":45},"end":{"line":966,"column":55}}},"21":{"name":"(anonymous_31)","decl":{"start":{"line":980,"column":39},"end":{"line":980,"column":40}},"loc":{"start":{"line":980,"column":46},"end":{"line":980,"column":51}}},"22":{"name":"(anonymous_32)","decl":{"start":{"line":983,"column":4},"end":{"line":983,"column":5}},"loc":{"start":{"line":984,"column":6},"end":{"line":986,"column":14}}},"23":{"name":"(anonymous_33)","decl":{"start":{"line":985,"column":8},"end":{"line":985,"column":9}},"loc":{"start":{"line":985,"column":15},"end":{"line":985,"column":54}}},"24":{"name":"(anonymous_34)","decl":{"start":{"line":989,"column":4},"end":{"line":989,"column":5}},"loc":{"start":{"line":990,"column":6},"end":{"line":992,"column":14}}},"25":{"name":"(anonymous_35)","decl":{"start":{"line":991,"column":8},"end":{"line":991,"column":9}},"loc":{"start":{"line":991,"column":15},"end":{"line":991,"column":55}}},"26":{"name":"(anonymous_36)","decl":{"start":{"line":1023,"column":39},"end":{"line":1023,"column":40}},"loc":{"start":{"line":1023,"column":46},"end":{"line":1023,"column":75}}},"27":{"name":"(anonymous_37)","decl":{"start":{"line":1024,"column":11},"end":{"line":1024,"column":12}},"loc":{"start":{"line":1024,"column":20},"end":{"line":1024,"column":51}}},"28":{"name":"(anonymous_38)","decl":{"start":{"line":1025,"column":47},"end":{"line":1025,"column":48}},"loc":{"start":{"line":1025,"column":55},"end":{"line":1031,"column":3}}},"29":{"name":"(anonymous_39)","decl":{"start":{"line":1028,"column":6},"end":{"line":1028,"column":7}},"loc":{"start":{"line":1029,"column":8},"end":{"line":1029,"column":80}}},"30":{"name":"(anonymous_40)","decl":{"start":{"line":1032,"column":48},"end":{"line":1032,"column":49}},"loc":{"start":{"line":1032,"column":56},"end":{"line":1040,"column":3}}},"31":{"name":"(anonymous_41)","decl":{"start":{"line":1035,"column":6},"end":{"line":1035,"column":7}},"loc":{"start":{"line":1036,"column":8},"end":{"line":1038,"column":31}}},"32":{"name":"(anonymous_42)","decl":{"start":{"line":1041,"column":42},"end":{"line":1041,"column":43}},"loc":{"start":{"line":1041,"column":50},"end":{"line":1044,"column":3}}},"33":{"name":"(anonymous_43)","decl":{"start":{"line":1073,"column":28},"end":{"line":1073,"column":33}},"loc":{"start":{"line":1073,"column":39},"end":{"line":1126,"column":3}}},"34":{"name":"(anonymous_44)","decl":{"start":{"line":1131,"column":9},"end":{"line":1131,"column":10}},"loc":{"start":{"line":1131,"column":19},"end":{"line":1131,"column":37}}},"35":{"name":"(anonymous_45)","decl":{"start":{"line":1212,"column":22},"end":{"line":1212,"column":23}},"loc":{"start":{"line":1212,"column":29},"end":{"line":1212,"column":60}}},"36":{"name":"(anonymous_46)","decl":{"start":{"line":1228,"column":15},"end":{"line":1228,"column":18}},"loc":{"start":{"line":1228,"column":20},"end":{"line":1243,"column":15}}},"37":{"name":"(anonymous_47)","decl":{"start":{"line":1236,"column":18},"end":{"line":1236,"column":19}},"loc":{"start":{"line":1237,"column":20},"end":{"line":1240,"column":70}}},"38":{"name":"(anonymous_48)","decl":{"start":{"line":1253,"column":22},"end":{"line":1253,"column":23}},"loc":{"start":{"line":1253,"column":29},"end":{"line":1253,"column":56}}},"39":{"name":"(anonymous_49)","decl":{"start":{"line":1267,"column":22},"end":{"line":1267,"column":23}},"loc":{"start":{"line":1267,"column":29},"end":{"line":1267,"column":54}}},"40":{"name":"(anonymous_50)","decl":{"start":{"line":1321,"column":20},"end":{"line":1321,"column":23}},"loc":{"start":{"line":1321,"column":25},"end":{"line":1378,"column":19}}},"41":{"name":"(anonymous_51)","decl":{"start":{"line":1323,"column":57},"end":{"line":1323,"column":58}},"loc":{"start":{"line":1323,"column":64},"end":{"line":1323,"column":69}}},"42":{"name":"(anonymous_52)","decl":{"start":{"line":1326,"column":22},"end":{"line":1326,"column":23}},"loc":{"start":{"line":1327,"column":24},"end":{"line":1329,"column":32}}},"43":{"name":"(anonymous_53)","decl":{"start":{"line":1328,"column":26},"end":{"line":1328,"column":27}},"loc":{"start":{"line":1328,"column":33},"end":{"line":1328,"column":72}}},"44":{"name":"(anonymous_54)","decl":{"start":{"line":1332,"column":22},"end":{"line":1332,"column":23}},"loc":{"start":{"line":1333,"column":24},"end":{"line":1335,"column":32}}},"45":{"name":"(anonymous_55)","decl":{"start":{"line":1334,"column":26},"end":{"line":1334,"column":27}},"loc":{"start":{"line":1334,"column":33},"end":{"line":1334,"column":73}}},"46":{"name":"(anonymous_56)","decl":{"start":{"line":1425,"column":20},"end":{"line":1425,"column":23}},"loc":{"start":{"line":1425,"column":25},"end":{"line":1506,"column":19}}},"47":{"name":"(anonymous_57)","decl":{"start":{"line":1429,"column":26},"end":{"line":1429,"column":27}},"loc":{"start":{"line":1429,"column":33},"end":{"line":1429,"column":62}}},"48":{"name":"(anonymous_58)","decl":{"start":{"line":1432,"column":29},"end":{"line":1432,"column":30}},"loc":{"start":{"line":1432,"column":38},"end":{"line":1432,"column":69}}},"49":{"name":"(anonymous_59)","decl":{"start":{"line":1434,"column":51},"end":{"line":1434,"column":52}},"loc":{"start":{"line":1434,"column":59},"end":{"line":1442,"column":21}}},"50":{"name":"(anonymous_60)","decl":{"start":{"line":1437,"column":24},"end":{"line":1437,"column":25}},"loc":{"start":{"line":1438,"column":26},"end":{"line":1440,"column":48}}},"51":{"name":"(anonymous_61)","decl":{"start":{"line":1444,"column":52},"end":{"line":1444,"column":53}},"loc":{"start":{"line":1444,"column":60},"end":{"line":1452,"column":21}}},"52":{"name":"(anonymous_62)","decl":{"start":{"line":1447,"column":24},"end":{"line":1447,"column":25}},"loc":{"start":{"line":1448,"column":26},"end":{"line":1450,"column":49}}},"53":{"name":"(anonymous_63)","decl":{"start":{"line":1454,"column":46},"end":{"line":1454,"column":47}},"loc":{"start":{"line":1454,"column":54},"end":{"line":1457,"column":21}}},"54":{"name":"(anonymous_64)","decl":{"start":{"line":1535,"column":35},"end":{"line":1535,"column":36}},"loc":{"start":{"line":1536,"column":14},"end":{"line":1576,"column":16}}},"55":{"name":"(anonymous_65)","decl":{"start":{"line":1561,"column":20},"end":{"line":1561,"column":21}},"loc":{"start":{"line":1562,"column":16},"end":{"line":1563,"column":null}}}},"branchMap":{"0":{"loc":{"start":{"line":755,"column":24},"end":{"line":755,"column":44}},"type":"default-arg","locations":[{"start":{"line":755,"column":42},"end":{"line":755,"column":44}}]},"1":{"loc":{"start":{"line":756,"column":4},"end":{"line":756,"column":44}},"type":"if","locations":[{"start":{"line":756,"column":4},"end":{"line":756,"column":44}},{"start":{},"end":{}}]},"2":{"loc":{"start":{"line":756,"column":8},"end":{"line":756,"column":28}},"type":"binary-expr","locations":[{"start":{"line":756,"column":8},"end":{"line":756,"column":17}},{"start":{"line":756,"column":21},"end":{"line":756,"column":28}}]},"3":{"loc":{"start":{"line":760,"column":19},"end":{"line":760,"column":55}},"type":"cond-expr","locations":[{"start":{"line":760,"column":30},"end":{"line":760,"column":48}},{"start":{"line":760,"column":51},"end":{"line":760,"column":55}}]},"4":{"loc":{"start":{"line":761,"column":17},"end":{"line":761,"column":49}},"type":"cond-expr","locations":[{"start":{"line":761,"column":26},"end":{"line":761,"column":42}},{"start":{"line":761,"column":45},"end":{"line":761,"column":49}}]},"5":{"loc":{"start":{"line":763,"column":6},"end":{"line":763,"column":49}},"type":"if","locations":[{"start":{"line":763,"column":6},"end":{"line":763,"column":49}},{"start":{},"end":{}}]},"6":{"loc":{"start":{"line":763,"column":10},"end":{"line":763,"column":34}},"type":"binary-expr","locations":[{"start":{"line":763,"column":10},"end":{"line":763,"column":14}},{"start":{"line":763,"column":18},"end":{"line":763,"column":34}}]},"7":{"loc":{"start":{"line":764,"column":6},"end":{"line":769,"column":7}},"type":"if","locations":[{"start":{"line":764,"column":6},"end":{"line":769,"column":7}},{"start":{},"end":{}}]},"8":{"loc":{"start":{"line":768,"column":8},"end":{"line":768,"column":44}},"type":"if","locations":[{"start":{"line":768,"column":8},"end":{"line":768,"column":44}},{"start":{},"end":{}}]},"9":{"loc":{"start":{"line":820,"column":4},"end":{"line":823,"column":5}},"type":"if","locations":[{"start":{"line":820,"column":4},"end":{"line":823,"column":5}},{"start":{},"end":{}}]},"10":{"loc":{"start":{"line":820,"column":8},"end":{"line":820,"column":33}},"type":"binary-expr","locations":[{"start":{"line":820,"column":8},"end":{"line":820,"column":16}},{"start":{"line":820,"column":20},"end":{"line":820,"column":33}}]},"11":{"loc":{"start":{"line":827,"column":8},"end":{"line":830,"column":66}},"type":"binary-expr","locations":[{"start":{"line":827,"column":8},"end":{"line":828,"column":60}},{"start":{"line":829,"column":8},"end":{"line":829,"column":66}},{"start":{"line":830,"column":8},"end":{"line":830,"column":66}}]},"12":{"loc":{"start":{"line":832,"column":22},"end":{"line":832,"column":47}},"type":"binary-expr","locations":[{"start":{"line":832,"column":22},"end":{"line":832,"column":27}},{"start":{"line":832,"column":31},"end":{"line":832,"column":47}}]},"13":{"loc":{"start":{"line":833,"column":4},"end":{"line":835,"column":5}},"type":"if","locations":[{"start":{"line":833,"column":4},"end":{"line":835,"column":5}},{"start":{},"end":{}}]},"14":{"loc":{"start":{"line":833,"column":8},"end":{"line":833,"column":33}},"type":"binary-expr","locations":[{"start":{"line":833,"column":8},"end":{"line":833,"column":16}},{"start":{"line":833,"column":20},"end":{"line":833,"column":33}}]},"15":{"loc":{"start":{"line":834,"column":22},"end":{"line":834,"column":39}},"type":"binary-expr","locations":[{"start":{"line":834,"column":22},"end":{"line":834,"column":27}},{"start":{"line":834,"column":31},"end":{"line":834,"column":39}}]},"16":{"loc":{"start":{"line":839,"column":27},"end":{"line":839,"column":47}},"type":"default-arg","locations":[{"start":{"line":839,"column":45},"end":{"line":839,"column":47}}]},"17":{"loc":{"start":{"line":842,"column":30},"end":{"line":842,"column":55}},"type":"binary-expr","locations":[{"start":{"line":842,"column":30},"end":{"line":842,"column":50}},{"start":{"line":842,"column":54},"end":{"line":842,"column":55}}]},"18":{"loc":{"start":{"line":849,"column":4},"end":{"line":849,"column":40}},"type":"binary-expr","locations":[{"start":{"line":849,"column":4},"end":{"line":849,"column":34}},{"start":{"line":849,"column":38},"end":{"line":849,"column":40}}]},"19":{"loc":{"start":{"line":852,"column":4},"end":{"line":852,"column":40}},"type":"binary-expr","locations":[{"start":{"line":852,"column":4},"end":{"line":852,"column":34}},{"start":{"line":852,"column":38},"end":{"line":852,"column":40}}]},"20":{"loc":{"start":{"line":870,"column":10},"end":{"line":870,"column":43}},"type":"binary-expr","locations":[{"start":{"line":870,"column":10},"end":{"line":870,"column":38}},{"start":{"line":870,"column":42},"end":{"line":870,"column":43}}]},"21":{"loc":{"start":{"line":871,"column":10},"end":{"line":871,"column":44}},"type":"binary-expr","locations":[{"start":{"line":871,"column":10},"end":{"line":871,"column":39}},{"start":{"line":871,"column":43},"end":{"line":871,"column":44}}]},"22":{"loc":{"start":{"line":886,"column":10},"end":{"line":886,"column":43}},"type":"binary-expr","locations":[{"start":{"line":886,"column":10},"end":{"line":886,"column":38}},{"start":{"line":886,"column":42},"end":{"line":886,"column":43}}]},"23":{"loc":{"start":{"line":887,"column":10},"end":{"line":887,"column":44}},"type":"binary-expr","locations":[{"start":{"line":887,"column":10},"end":{"line":887,"column":39}},{"start":{"line":887,"column":43},"end":{"line":887,"column":44}}]},"24":{"loc":{"start":{"line":902,"column":10},"end":{"line":902,"column":43}},"type":"binary-expr","locations":[{"start":{"line":902,"column":10},"end":{"line":902,"column":38}},{"start":{"line":902,"column":42},"end":{"line":902,"column":43}}]},"25":{"loc":{"start":{"line":903,"column":10},"end":{"line":903,"column":44}},"type":"binary-expr","locations":[{"start":{"line":903,"column":10},"end":{"line":903,"column":39}},{"start":{"line":903,"column":43},"end":{"line":903,"column":44}}]},"26":{"loc":{"start":{"line":919,"column":10},"end":{"line":919,"column":43}},"type":"binary-expr","locations":[{"start":{"line":919,"column":10},"end":{"line":919,"column":38}},{"start":{"line":919,"column":42},"end":{"line":919,"column":43}}]},"27":{"loc":{"start":{"line":920,"column":10},"end":{"line":920,"column":44}},"type":"binary-expr","locations":[{"start":{"line":920,"column":10},"end":{"line":920,"column":39}},{"start":{"line":920,"column":43},"end":{"line":920,"column":44}}]},"28":{"loc":{"start":{"line":961,"column":26},"end":{"line":961,"column":45}},"type":"binary-expr","locations":[{"start":{"line":961,"column":26},"end":{"line":961,"column":39}},{"start":{"line":961,"column":43},"end":{"line":961,"column":45}}]},"29":{"loc":{"start":{"line":969,"column":12},"end":{"line":969,"column":42}},"type":"if","locations":[{"start":{"line":969,"column":12},"end":{"line":969,"column":42}},{"start":{},"end":{}}]},"30":{"loc":{"start":{"line":985,"column":15},"end":{"line":985,"column":54}},"type":"binary-expr","locations":[{"start":{"line":985,"column":15},"end":{"line":985,"column":28}},{"start":{"line":985,"column":32},"end":{"line":985,"column":54}}]},"31":{"loc":{"start":{"line":991,"column":15},"end":{"line":991,"column":55}},"type":"binary-expr","locations":[{"start":{"line":991,"column":15},"end":{"line":991,"column":28}},{"start":{"line":991,"column":32},"end":{"line":991,"column":55}}]},"32":{"loc":{"start":{"line":1029,"column":8},"end":{"line":1029,"column":80}},"type":"binary-expr","locations":[{"start":{"line":1029,"column":8},"end":{"line":1029,"column":31}},{"start":{"line":1029,"column":35},"end":{"line":1029,"column":54}},{"start":{"line":1029,"column":58},"end":{"line":1029,"column":80}}]},"33":{"loc":{"start":{"line":1036,"column":8},"end":{"line":1038,"column":31}},"type":"binary-expr","locations":[{"start":{"line":1036,"column":8},"end":{"line":1036,"column":31}},{"start":{"line":1037,"column":8},"end":{"line":1037,"column":27}},{"start":{"line":1038,"column":8},"end":{"line":1038,"column":31}}]},"34":{"loc":{"start":{"line":1074,"column":4},"end":{"line":1077,"column":5}},"type":"if","locations":[{"start":{"line":1074,"column":4},"end":{"line":1077,"column":5}},{"start":{},"end":{}}]},"35":{"loc":{"start":{"line":1108,"column":12},"end":{"line":1108,"column":42}},"type":"binary-expr","locations":[{"start":{"line":1108,"column":12},"end":{"line":1108,"column":26}},{"start":{"line":1108,"column":30},"end":{"line":1108,"column":42}}]},"36":{"loc":{"start":{"line":1174,"column":15},"end":{"line":1202,"column":null}},"type":"cond-expr","locations":[{"start":{"line":1175,"column":16},"end":{"line":1195,"column":null}},{"start":{"line":1199,"column":16},"end":{"line":1200,"column":null}}]},"37":{"loc":{"start":{"line":1226,"column":30},"end":{"line":1226,"column":65}},"type":"cond-expr","locations":[{"start":{"line":1226,"column":41},"end":{"line":1226,"column":49}},{"start":{"line":1226,"column":52},"end":{"line":1226,"column":65}}]},"38":{"loc":{"start":{"line":1227,"column":13},"end":{"line":1243,"column":18}},"type":"binary-expr","locations":[{"start":{"line":1227,"column":13},"end":{"line":1227,"column":21}},{"start":{"line":1228,"column":14},"end":{"line":1243,"column":18}}]},"39":{"loc":{"start":{"line":1237,"column":20},"end":{"line":1240,"column":70}},"type":"binary-expr","locations":[{"start":{"line":1237,"column":20},"end":{"line":1238,"column":64}},{"start":{"line":1239,"column":20},"end":{"line":1239,"column":70}},{"start":{"line":1240,"column":20},"end":{"line":1240,"column":70}}]},"40":{"loc":{"start":{"line":1242,"column":23},"end":{"line":1242,"column":76}},"type":"cond-expr","locations":[{"start":{"line":1242,"column":31},"end":{"line":1242,"column":69}},{"start":{"line":1242,"column":72},"end":{"line":1242,"column":76}}]},"41":{"loc":{"start":{"line":1261,"column":17},"end":{"line":1261,"column":36}},"type":"binary-expr","locations":[{"start":{"line":1261,"column":17},"end":{"line":1261,"column":23}},{"start":{"line":1261,"column":27},"end":{"line":1261,"column":36}}]},"42":{"loc":{"start":{"line":1275,"column":17},"end":{"line":1275,"column":38}},"type":"binary-expr","locations":[{"start":{"line":1275,"column":17},"end":{"line":1275,"column":25}},{"start":{"line":1275,"column":29},"end":{"line":1275,"column":38}}]},"43":{"loc":{"start":{"line":1328,"column":33},"end":{"line":1328,"column":72}},"type":"binary-expr","locations":[{"start":{"line":1328,"column":33},"end":{"line":1328,"column":46}},{"start":{"line":1328,"column":50},"end":{"line":1328,"column":72}}]},"44":{"loc":{"start":{"line":1334,"column":33},"end":{"line":1334,"column":73}},"type":"binary-expr","locations":[{"start":{"line":1334,"column":33},"end":{"line":1334,"column":46}},{"start":{"line":1334,"column":50},"end":{"line":1334,"column":73}}]},"45":{"loc":{"start":{"line":1352,"column":27},"end":{"line":1376,"column":null}},"type":"cond-expr","locations":[{"start":{"line":1353,"column":22},"end":{"line":1371,"column":null}},{"start":{"line":1374,"column":22},"end":{"line":1374,"column":null}}]},"46":{"loc":{"start":{"line":1438,"column":26},"end":{"line":1440,"column":48}},"type":"binary-expr","locations":[{"start":{"line":1438,"column":26},"end":{"line":1438,"column":49}},{"start":{"line":1439,"column":26},"end":{"line":1439,"column":45}},{"start":{"line":1440,"column":26},"end":{"line":1440,"column":48}}]},"47":{"loc":{"start":{"line":1448,"column":26},"end":{"line":1450,"column":49}},"type":"binary-expr","locations":[{"start":{"line":1448,"column":26},"end":{"line":1448,"column":49}},{"start":{"line":1449,"column":26},"end":{"line":1449,"column":45}},{"start":{"line":1450,"column":26},"end":{"line":1450,"column":49}}]},"48":{"loc":{"start":{"line":1475,"column":27},"end":{"line":1504,"column":null}},"type":"cond-expr","locations":[{"start":{"line":1476,"column":22},"end":{"line":1499,"column":null}},{"start":{"line":1502,"column":22},"end":{"line":1502,"column":null}}]}},"s":{"0":1,"1":1,"2":1,"3":1,"4":1,"5":1,"6":1,"7":74,"8":73,"9":73,"10":73,"11":73,"12":73,"13":73,"14":73,"15":73,"16":146,"17":146,"18":0,"19":0,"20":0,"21":0,"22":0,"23":0,"24":0,"25":0,"26":0,"27":0,"28":0,"29":0,"30":73,"31":22,"32":21,"33":1,"34":1,"35":73,"36":22,"37":22,"38":21,"39":21,"40":1,"41":22,"42":21,"43":21,"44":1,"45":22,"46":22,"47":22,"48":22,"49":73,"50":58,"51":58,"52":58,"53":17,"54":58,"55":29,"56":58,"57":58,"58":17,"59":73,"60":146,"61":146,"62":17,"63":146,"64":73,"65":73,"66":73,"67":73,"68":73,"69":73,"70":73,"71":73,"72":73,"73":73,"74":73,"75":73,"76":0,"77":0,"78":0,"79":0,"80":0,"81":0,"82":0,"83":0,"84":0,"85":0,"86":73,"87":12,"88":73,"89":9,"90":14,"91":73,"92":9,"93":14,"94":73,"95":73,"96":73,"97":5,"98":5,"99":73,"100":5,"101":5,"102":7,"103":73,"104":5,"105":5,"106":7,"107":73,"108":5,"109":5,"110":73,"111":73,"112":73,"113":4,"114":3,"115":3,"116":1,"117":1,"118":1,"119":1,"120":1,"121":1,"122":1,"123":1,"124":1,"125":1,"126":1,"127":1,"128":0,"129":0,"130":1,"131":73,"132":6,"133":73,"134":0,"135":45,"136":45,"137":39,"138":45,"139":0,"140":0,"141":73,"142":12,"143":73,"144":9,"145":14,"146":73,"147":9,"148":14,"149":73,"150":73,"151":73,"152":5,"153":5,"154":73,"155":5,"156":5,"157":7,"158":73,"159":5,"160":5,"161":7,"162":73,"163":5,"164":5,"165":73,"166":73,"167":146,"168":876,"169":1},"f":{"0":74,"1":146,"2":0,"3":22,"4":21,"5":1,"6":22,"7":22,"8":21,"9":21,"10":1,"11":21,"12":21,"13":1,"14":22,"15":58,"16":29,"17":146,"18":17,"19":0,"20":0,"21":12,"22":9,"23":14,"24":9,"25":14,"26":5,"27":5,"28":5,"29":7,"30":5,"31":7,"32":5,"33":4,"34":6,"35":0,"36":45,"37":39,"38":0,"39":0,"40":73,"41":12,"42":9,"43":14,"44":9,"45":14,"46":73,"47":5,"48":5,"49":5,"50":7,"51":5,"52":7,"53":5,"54":146,"55":876},"b":{"0":[0],"1":[146,0],"2":[146,146],"3":[0,0],"4":[0,0],"5":[0,0],"6":[0,0],"7":[0,0],"8":[0,0],"9":[17,41],"10":[58,32],"11":[29,1,0],"12":[58,29],"13":[17,41],"14":[58,32],"15":[17,2],"16":[0],"17":[17,17],"18":[73,48],"19":[73,52],"20":[73,67],"21":[73,69],"22":[73,71],"23":[73,72],"24":[73,67],"25":[73,69],"26":[73,71],"27":[73,72],"28":[0,0],"29":[0,0],"30":[14,10],"31":[14,10],"32":[7,5,5],"33":[7,5,5],"34":[3,1],"35":[1,0],"36":[2,71],"37":[45,28],"38":[73,45],"39":[39,0,0],"40":[39,6],"41":[73,73],"42":[73,73],"43":[14,10],"44":[14,10],"45":[7,66],"46":[7,5,5],"47":[7,5,5],"48":[4,69]}}
,"C:\\Users\\DELL\\Desktop\\banking_prediction (3)  bluee\\banking_prediction\\banking_prediction\\frontend\\src\\pages\\SignUp.tsx": {"path":"C:\\Users\\DELL\\Desktop\\banking_prediction (3)  bluee\\banking_prediction\\banking_prediction\\frontend\\src\\pages\\SignUp.tsx","statementMap":{"0":{"start":{"line":1,"column":0},"end":{"line":1,"column":51}},"1":{"start":{"line":2,"column":0},"end":{"line":2,"column":47}},"2":{"start":{"line":3,"column":0},"end":{"line":3,"column":26}},"3":{"start":{"line":4,"column":0},"end":{"line":4,"column":51}},"4":{"start":{"line":5,"column":0},"end":{"line":5,"column":48}},"5":{"start":{"line":8,"column":19},"end":{"line":8,"column":32}},"6":{"start":{"line":10,"column":34},"end":{"line":18,"column":4}},"7":{"start":{"line":20,"column":30},"end":{"line":20,"column":66}},"8":{"start":{"line":21,"column":42},"end":{"line":21,"column":57}},"9":{"start":{"line":22,"column":56},"end":{"line":22,"column":71}},"10":{"start":{"line":23,"column":36},"end":{"line":23,"column":51}},"11":{"start":{"line":25,"column":2},"end":{"line":31,"column":17}},"12":{"start":{"line":27,"column":18},"end":{"line":27,"column":47}},"13":{"start":{"line":28,"column":4},"end":{"line":30,"column":5}},"14":{"start":{"line":29,"column":6},"end":{"line":29,"column":43}},"15":{"start":{"line":33,"column":19},"end":{"line":53,"column":3}},"16":{"start":{"line":34,"column":46},"end":{"line":34,"column":48}},"17":{"start":{"line":35,"column":23},"end":{"line":35,"column":37}},"18":{"start":{"line":37,"column":4},"end":{"line":38,"column":52}},"19":{"start":{"line":38,"column":6},"end":{"line":38,"column":52}},"20":{"start":{"line":39,"column":4},"end":{"line":40,"column":67}},"21":{"start":{"line":40,"column":6},"end":{"line":40,"column":67}},"22":{"start":{"line":41,"column":4},"end":{"line":42,"column":55}},"23":{"start":{"line":42,"column":6},"end":{"line":42,"column":55}},"24":{"start":{"line":43,"column":4},"end":{"line":43,"column":65}},"25":{"start":{"line":43,"column":24},"end":{"line":43,"column":65}},"26":{"start":{"line":44,"column":4},"end":{"line":45,"column":59}},"27":{"start":{"line":45,"column":6},"end":{"line":45,"column":59}},"28":{"start":{"line":46,"column":4},"end":{"line":47,"column":69}},"29":{"start":{"line":47,"column":6},"end":{"line":47,"column":69}},"30":{"start":{"line":48,"column":4},"end":{"line":49,"column":60}},"31":{"start":{"line":49,"column":6},"end":{"line":49,"column":60}},"32":{"start":{"line":51,"column":4},"end":{"line":51,"column":25}},"33":{"start":{"line":52,"column":4},"end":{"line":52,"column":47}},"34":{"start":{"line":55,"column":23},"end":{"line":61,"column":3}},"35":{"start":{"line":58,"column":28},"end":{"line":58,"column":36}},"36":{"start":{"line":59,"column":4},"end":{"line":59,"column":56}},"37":{"start":{"line":59,"column":27},"end":{"line":59,"column":53}},"38":{"start":{"line":60,"column":4},"end":{"line":60,"column":51}},"39":{"start":{"line":60,"column":25},"end":{"line":60,"column":48}},"40":{"start":{"line":63,"column":34},"end":{"line":67,"column":4}},"41":{"start":{"line":69,"column":23},"end":{"line":74,"column":3}},"42":{"start":{"line":73,"column":4},"end":{"line":73,"column":51}},"43":{"start":{"line":76,"column":23},"end":{"line":103,"column":3}},"44":{"start":{"line":77,"column":4},"end":{"line":77,"column":23}},"45":{"start":{"line":78,"column":4},"end":{"line":78,"column":28}},"46":{"start":{"line":78,"column":21},"end":{"line":78,"column":28}},"47":{"start":{"line":80,"column":4},"end":{"line":102,"column":5}},"48":{"start":{"line":81,"column":23},"end":{"line":91,"column":null}},"49":{"start":{"line":94,"column":6},"end":{"line":94,"column":60}},"50":{"start":{"line":96,"column":6},"end":{"line":98,"column":15}},"51":{"start":{"line":97,"column":8},"end":{"line":97,"column":27}},"52":{"start":{"line":100,"column":22},"end":{"line":100,"column":77}},"53":{"start":{"line":101,"column":6},"end":{"line":101,"column":37}},"54":{"start":{"line":105,"column":2},"end":{"line":268,"column":4}},"55":{"start":{"line":116,"column":12},"end":{"line":116,"column":28}},"56":{"start":{"line":158,"column":16},"end":{"line":158,"column":35}},"57":{"start":{"line":199,"column":31},"end":{"line":199,"column":61}},"58":{"start":{"line":225,"column":31},"end":{"line":225,"column":75}},"59":{"start":{"line":243,"column":14},"end":{"line":243,"column":33}},"60":{"start":{"line":244,"column":14},"end":{"line":244,"column":57}},"61":{"start":{"line":244,"column":31},"end":{"line":244,"column":50}},"62":{"start":{"line":255,"column":23},"end":{"line":255,"column":64}},"63":{"start":{"line":259,"column":25},"end":{"line":259,"column":66}},"64":{"start":{"line":271,"column":20},"end":{"line":355,"column":2}},"65":{"start":{"line":357,"column":0},"end":{"line":357,"column":22}}},"fnMap":{"0":{"name":"SignUp","decl":{"start":{"line":7,"column":9},"end":{"line":7,"column":15}},"loc":{"start":{"line":7,"column":15},"end":{"line":269,"column":1}}},"1":{"name":"(anonymous_11)","decl":{"start":{"line":25,"column":12},"end":{"line":25,"column":15}},"loc":{"start":{"line":25,"column":17},"end":{"line":31,"column":3}}},"2":{"name":"(anonymous_12)","decl":{"start":{"line":33,"column":19},"end":{"line":33,"column":22}},"loc":{"start":{"line":33,"column":24},"end":{"line":53,"column":3}}},"3":{"name":"(anonymous_13)","decl":{"start":{"line":55,"column":23},"end":{"line":55,"column":null}},"loc":{"start":{"line":57,"column":6},"end":{"line":61,"column":3}}},"4":{"name":"(anonymous_14)","decl":{"start":{"line":59,"column":16},"end":{"line":59,"column":17}},"loc":{"start":{"line":59,"column":27},"end":{"line":59,"column":53}}},"5":{"name":"(anonymous_15)","decl":{"start":{"line":60,"column":14},"end":{"line":60,"column":15}},"loc":{"start":{"line":60,"column":25},"end":{"line":60,"column":48}}},"6":{"name":"(anonymous_16)","decl":{"start":{"line":69,"column":23},"end":{"line":69,"column":null}},"loc":{"start":{"line":72,"column":6},"end":{"line":74,"column":3}}},"7":{"name":"(anonymous_17)","decl":{"start":{"line":76,"column":23},"end":{"line":76,"column":28}},"loc":{"start":{"line":76,"column":52},"end":{"line":103,"column":3}}},"8":{"name":"(anonymous_18)","decl":{"start":{"line":96,"column":17},"end":{"line":96,"column":20}},"loc":{"start":{"line":96,"column":22},"end":{"line":98,"column":7}}},"9":{"name":"(anonymous_19)","decl":{"start":{"line":115,"column":16},"end":{"line":115,"column":17}},"loc":{"start":{"line":116,"column":12},"end":{"line":116,"column":28}}},"10":{"name":"(anonymous_20)","decl":{"start":{"line":157,"column":20},"end":{"line":157,"column":21}},"loc":{"start":{"line":158,"column":16},"end":{"line":158,"column":35}}},"11":{"name":"(anonymous_21)","decl":{"start":{"line":199,"column":25},"end":{"line":199,"column":28}},"loc":{"start":{"line":199,"column":31},"end":{"line":199,"column":61}}},"12":{"name":"(anonymous_22)","decl":{"start":{"line":225,"column":25},"end":{"line":225,"column":28}},"loc":{"start":{"line":225,"column":31},"end":{"line":225,"column":75}}},"13":{"name":"(anonymous_23)","decl":{"start":{"line":242,"column":21},"end":{"line":242,"column":24}},"loc":{"start":{"line":242,"column":26},"end":{"line":245,"column":13}}},"14":{"name":"(anonymous_24)","decl":{"start":{"line":244,"column":25},"end":{"line":244,"column":28}},"loc":{"start":{"line":244,"column":31},"end":{"line":244,"column":50}}},"15":{"name":"(anonymous_25)","decl":{"start":{"line":255,"column":17},"end":{"line":255,"column":20}},"loc":{"start":{"line":255,"column":23},"end":{"line":255,"column":64}}},"16":{"name":"(anonymous_26)","decl":{"start":{"line":259,"column":19},"end":{"line":259,"column":22}},"loc":{"start":{"line":259,"column":25},"end":{"line":259,"column":66}}}},"branchMap":{"0":{"loc":{"start":{"line":28,"column":4},"end":{"line":30,"column":5}},"type":"if","locations":[{"start":{"line":28,"column":4},"end":{"line":30,"column":5}},{"start":{},"end":{}}]},"1":{"loc":{"start":{"line":37,"column":4},"end":{"line":38,"column":52}},"type":"if","locations":[{"start":{"line":37,"column":4},"end":{"line":38,"column":52}},{"start":{},"end":{}}]},"2":{"loc":{"start":{"line":39,"column":4},"end":{"line":40,"column":67}},"type":"if","locations":[{"start":{"line":39,"column":4},"end":{"line":40,"column":67}},{"start":{},"end":{}}]},"3":{"loc":{"start":{"line":41,"column":4},"end":{"line":42,"column":55}},"type":"if","locations":[{"start":{"line":41,"column":4},"end":{"line":42,"column":55}},{"start":{},"end":{}}]},"4":{"loc":{"start":{"line":43,"column":4},"end":{"line":43,"column":65}},"type":"if","locations":[{"start":{"line":43,"column":4},"end":{"line":43,"column":65}},{"start":{},"end":{}}]},"5":{"loc":{"start":{"line":44,"column":4},"end":{"line":45,"column":59}},"type":"if","locations":[{"start":{"line":44,"column":4},"end":{"line":45,"column":59}},{"start":{},"end":{}}]},"6":{"loc":{"start":{"line":46,"column":4},"end":{"line":47,"column":69}},"type":"if","locations":[{"start":{"line":46,"column":4},"end":{"line":47,"column":69}},{"start":{},"end":{}}]},"7":{"loc":{"start":{"line":48,"column":4},"end":{"line":49,"column":60}},"type":"if","locations":[{"start":{"line":48,"column":4},"end":{"line":49,"column":60}},{"start":{},"end":{}}]},"8":{"loc":{"start":{"line":78,"column":4},"end":{"line":78,"column":28}},"type":"if","locations":[{"start":{"line":78,"column":4},"end":{"line":78,"column":28}},{"start":{},"end":{}}]},"9":{"loc":{"start":{"line":100,"column":22},"end":{"line":100,"column":77}},"type":"binary-expr","locations":[{"start":{"line":100,"column":22},"end":{"line":100,"column":49}},{"start":{"line":100,"column":53},"end":{"line":100,"column":77}}]},"10":{"loc":{"start":{"line":129,"column":15},"end":{"line":129,"column":77}},"type":"binary-expr","locations":[{"start":{"line":129,"column":15},"end":{"line":129,"column":27}},{"start":{"line":129,"column":31},"end":{"line":129,"column":77}}]},"11":{"loc":{"start":{"line":163,"column":13},"end":{"line":163,"column":73}},"type":"binary-expr","locations":[{"start":{"line":163,"column":13},"end":{"line":163,"column":24}},{"start":{"line":163,"column":28},"end":{"line":163,"column":73}}]},"12":{"loc":{"start":{"line":179,"column":13},"end":{"line":180,"column":null}},"type":"binary-expr","locations":[{"start":{"line":179,"column":13},"end":{"line":179,"column":31}},{"start":{"line":180,"column":14},"end":{"line":180,"column":66}}]},"13":{"loc":{"start":{"line":190,"column":22},"end":{"line":190,"column":56}},"type":"cond-expr","locations":[{"start":{"line":190,"column":37},"end":{"line":190,"column":43}},{"start":{"line":190,"column":46},"end":{"line":190,"column":56}}]},"14":{"loc":{"start":{"line":202,"column":17},"end":{"line":202,"column":58}},"type":"cond-expr","locations":[{"start":{"line":202,"column":32},"end":{"line":202,"column":46}},{"start":{"line":202,"column":49},"end":{"line":202,"column":58}}]},"15":{"loc":{"start":{"line":205,"column":13},"end":{"line":206,"column":null}},"type":"binary-expr","locations":[{"start":{"line":205,"column":13},"end":{"line":205,"column":28}},{"start":{"line":206,"column":14},"end":{"line":206,"column":63}}]},"16":{"loc":{"start":{"line":216,"column":22},"end":{"line":216,"column":63}},"type":"cond-expr","locations":[{"start":{"line":216,"column":44},"end":{"line":216,"column":50}},{"start":{"line":216,"column":53},"end":{"line":216,"column":63}}]},"17":{"loc":{"start":{"line":228,"column":17},"end":{"line":228,"column":65}},"type":"cond-expr","locations":[{"start":{"line":228,"column":39},"end":{"line":228,"column":53}},{"start":{"line":228,"column":56},"end":{"line":228,"column":65}}]},"18":{"loc":{"start":{"line":231,"column":13},"end":{"line":232,"column":null}},"type":"binary-expr","locations":[{"start":{"line":231,"column":13},"end":{"line":231,"column":35}},{"start":{"line":232,"column":14},"end":{"line":232,"column":70}}]},"19":{"loc":{"start":{"line":240,"column":25},"end":{"line":240,"column":63}},"type":"cond-expr","locations":[{"start":{"line":240,"column":37},"end":{"line":240,"column":50}},{"start":{"line":240,"column":53},"end":{"line":240,"column":63}}]}},"s":{"0":1,"1":1,"2":1,"3":1,"4":1,"5":89,"6":89,"7":89,"8":89,"9":89,"10":89,"11":89,"12":20,"13":20,"14":1,"15":89,"16":4,"17":4,"18":4,"19":0,"20":4,"21":0,"22":4,"23":0,"24":4,"25":0,"26":4,"27":0,"28":4,"29":0,"30":4,"31":0,"32":4,"33":4,"34":89,"35":40,"36":40,"37":40,"38":40,"39":40,"40":89,"41":89,"42":4,"43":89,"44":4,"45":4,"46":0,"47":4,"48":4,"49":2,"50":2,"51":2,"52":2,"53":2,"54":89,"55":267,"56":890,"57":0,"58":0,"59":15,"60":15,"61":13,"62":0,"63":0,"64":1,"65":1},"f":{"0":89,"1":20,"2":4,"3":40,"4":40,"5":40,"6":4,"7":4,"8":2,"9":267,"10":890,"11":0,"12":0,"13":15,"14":13,"15":0,"16":0},"b":{"0":[1,19],"1":[0,4],"2":[0,4],"3":[0,4],"4":[0,4],"5":[0,4],"6":[0,4],"7":[0,4],"8":[0,4],"9":[2,1],"10":[267,0],"11":[89,0],"12":[89,0],"13":[0,89],"14":[0,89],"15":[89,0],"16":[0,89],"17":[0,89],"18":[89,0],"19":[19,70]}}
,"C:\\Users\\DELL\\Desktop\\banking_prediction (3)  bluee\\banking_prediction\\banking_prediction\\frontend\\src\\pages\\SoftwarePrediction.tsx": {"path":"C:\\Users\\DELL\\Desktop\\banking_prediction (3)  bluee\\banking_prediction\\banking_prediction\\frontend\\src\\pages\\SoftwarePrediction.tsx","statementMap":{"0":{"start":{"line":1,"column":0},"end":{"line":1,"column":57}},"1":{"start":{"line":2,"column":0},"end":{"line":2,"column":68}},"2":{"start":{"line":4,"column":47},"end":{"line":15,"column":2}},"3":{"start":{"line":32,"column":30},"end":{"line":60,"column":1}},"4":{"start":{"line":38,"column":40},"end":{"line":38,"column":45}},"5":{"start":{"line":39,"column":51},"end":{"line":39,"column":60}},"6":{"start":{"line":41,"column":2},"end":{"line":57,"column":3}},"7":{"start":{"line":47,"column":4},"end":{"line":47,"column":18}},"8":{"start":{"line":48,"column":4},"end":{"line":48,"column":24}},"9":{"start":{"line":49,"column":9},"end":{"line":57,"column":3}},"10":{"start":{"line":55,"column":4},"end":{"line":55,"column":20}},"11":{"start":{"line":56,"column":4},"end":{"line":56,"column":23}},"12":{"start":{"line":59,"column":2},"end":{"line":59,"column":26}},"13":{"start":{"line":63,"column":50},"end":{"line":63,"column":62}},"14":{"start":{"line":64,"column":40},"end":{"line":64,"column":66}},"15":{"start":{"line":65,"column":40},"end":{"line":65,"column":52}},"16":{"start":{"line":68,"column":4},"end":{"line":70,"column":11}},"17":{"start":{"line":69,"column":6},"end":{"line":69,"column":55}},"18":{"start":{"line":72,"column":23},"end":{"line":72,"column":67}},"19":{"start":{"line":74,"column":23},"end":{"line":139,"column":37}},"20":{"start":{"line":75,"column":4},"end":{"line":75,"column":50}},"21":{"start":{"line":75,"column":43},"end":{"line":75,"column":50}},"22":{"start":{"line":77,"column":4},"end":{"line":138,"column":5}},"23":{"start":{"line":78,"column":18},"end":{"line":78,"column":75}},"24":{"start":{"line":79,"column":19},"end":{"line":79,"column":35}},"25":{"start":{"line":81,"column":27},"end":{"line":81,"column":64}},"26":{"start":{"line":82,"column":6},"end":{"line":82,"column":32}},"27":{"start":{"line":82,"column":25},"end":{"line":82,"column":32}},"28":{"start":{"line":84,"column":49},"end":{"line":91,"column":8}},"29":{"start":{"line":93,"column":37},"end":{"line":128,"column":null}},"30":{"start":{"line":95,"column":20},"end":{"line":95,"column":null}},"31":{"start":{"line":102,"column":70},"end":{"line":107,"column":12}},"32":{"start":{"line":109,"column":35},"end":{"line":114,"column":12}},"33":{"start":{"line":116,"column":10},"end":{"line":127,"column":12}},"34":{"start":{"line":131,"column":27},"end":{"line":131,"column":66}},"35":{"start":{"line":132,"column":6},"end":{"line":132,"column":79}},"36":{"start":{"line":132,"column":30},"end":{"line":132,"column":77}},"37":{"start":{"line":134,"column":6},"end":{"line":134,"column":31}},"38":{"start":{"line":135,"column":6},"end":{"line":135,"column":54}},"39":{"start":{"line":137,"column":6},"end":{"line":137,"column":61}},"40":{"start":{"line":141,"column":2},"end":{"line":145,"column":21}},"41":{"start":{"line":142,"column":4},"end":{"line":142,"column":19}},"42":{"start":{"line":143,"column":21},"end":{"line":143,"column":53}},"43":{"start":{"line":144,"column":4},"end":{"line":144,"column":41}},"44":{"start":{"line":144,"column":17},"end":{"line":144,"column":40}},"45":{"start":{"line":147,"column":2},"end":{"line":284,"column":4}},"46":{"start":{"line":217,"column":29},"end":{"line":217,"column":64}},"47":{"start":{"line":232,"column":14},"end":{"line":232,"column":37}},"48":{"start":{"line":261,"column":18},"end":{"line":261,"column":34}},"49":{"start":{"line":292,"column":17},"end":{"line":296,"column":4}},"50":{"start":{"line":297,"column":2},"end":{"line":303,"column":4}},"51":{"start":{"line":307,"column":17},"end":{"line":311,"column":4}},"52":{"start":{"line":312,"column":2},"end":{"line":318,"column":4}},"53":{"start":{"line":321,"column":0},"end":{"line":321,"column":34}}},"fnMap":{"0":{"name":"(anonymous_0)","decl":{"start":{"line":32,"column":30},"end":{"line":32,"column":31}},"loc":{"start":{"line":37,"column":5},"end":{"line":60,"column":1}}},"1":{"name":"SoftwarePrediction","decl":{"start":{"line":62,"column":9},"end":{"line":62,"column":27}},"loc":{"start":{"line":62,"column":65},"end":{"line":285,"column":1}}},"2":{"name":"(anonymous_2)","decl":{"start":{"line":68,"column":35},"end":{"line":68,"column":36}},"loc":{"start":{"line":69,"column":6},"end":{"line":69,"column":55}}},"3":{"name":"(anonymous_3)","decl":{"start":{"line":74,"column":35},"end":{"line":74,"column":40}},"loc":{"start":{"line":74,"column":46},"end":{"line":139,"column":3}}},"4":{"name":"(anonymous_4)","decl":{"start":{"line":94,"column":8},"end":{"line":94,"column":9}},"loc":{"start":{"line":94,"column":34},"end":{"line":128,"column":9}}},"5":{"name":"(anonymous_5)","decl":{"start":{"line":132,"column":20},"end":{"line":132,"column":21}},"loc":{"start":{"line":132,"column":30},"end":{"line":132,"column":77}}},"6":{"name":"(anonymous_6)","decl":{"start":{"line":141,"column":12},"end":{"line":141,"column":15}},"loc":{"start":{"line":141,"column":17},"end":{"line":145,"column":3}}},"7":{"name":"(anonymous_7)","decl":{"start":{"line":144,"column":11},"end":{"line":144,"column":14}},"loc":{"start":{"line":144,"column":17},"end":{"line":144,"column":40}}},"8":{"name":"(anonymous_8)","decl":{"start":{"line":217,"column":22},"end":{"line":217,"column":23}},"loc":{"start":{"line":217,"column":29},"end":{"line":217,"column":64}}},"9":{"name":"(anonymous_9)","decl":{"start":{"line":231,"column":30},"end":{"line":231,"column":31}},"loc":{"start":{"line":232,"column":14},"end":{"line":232,"column":37}}},"10":{"name":"(anonymous_10)","decl":{"start":{"line":260,"column":33},"end":{"line":260,"column":34}},"loc":{"start":{"line":261,"column":18},"end":{"line":261,"column":34}}},"11":{"name":"StatusBadge","decl":{"start":{"line":287,"column":9},"end":{"line":287,"column":20}},"loc":{"start":{"line":291,"column":1},"end":{"line":304,"column":1}}},"12":{"name":"RiskBadge","decl":{"start":{"line":306,"column":9},"end":{"line":306,"column":18}},"loc":{"start":{"line":306,"column":64},"end":{"line":319,"column":1}}}},"branchMap":{"0":{"loc":{"start":{"line":41,"column":2},"end":{"line":57,"column":3}},"type":"if","locations":[{"start":{"line":41,"column":2},"end":{"line":57,"column":3}},{"start":{"line":49,"column":9},"end":{"line":57,"column":3}}]},"1":{"loc":{"start":{"line":42,"column":4},"end":{"line":45,"column":22}},"type":"binary-expr","locations":[{"start":{"line":42,"column":4},"end":{"line":42,"column":26}},{"start":{"line":43,"column":4},"end":{"line":43,"column":30}},{"start":{"line":44,"column":4},"end":{"line":44,"column":29}},{"start":{"line":45,"column":4},"end":{"line":45,"column":22}}]},"2":{"loc":{"start":{"line":49,"column":9},"end":{"line":57,"column":3}},"type":"if","locations":[{"start":{"line":49,"column":9},"end":{"line":57,"column":3}},{"start":{},"end":{}}]},"3":{"loc":{"start":{"line":50,"column":4},"end":{"line":53,"column":22}},"type":"binary-expr","locations":[{"start":{"line":50,"column":4},"end":{"line":50,"column":24}},{"start":{"line":51,"column":4},"end":{"line":51,"column":29}},{"start":{"line":52,"column":4},"end":{"line":52,"column":29}},{"start":{"line":53,"column":4},"end":{"line":53,"column":22}}]},"4":{"loc":{"start":{"line":68,"column":4},"end":{"line":70,"column":11}},"type":"binary-expr","locations":[{"start":{"line":68,"column":4},"end":{"line":69,"column":null}},{"start":{"line":70,"column":9},"end":{"line":70,"column":11}}]},"5":{"loc":{"start":{"line":72,"column":23},"end":{"line":72,"column":67}},"type":"cond-expr","locations":[{"start":{"line":72,"column":37},"end":{"line":72,"column":62}},{"start":{"line":72,"column":65},"end":{"line":72,"column":67}}]},"6":{"loc":{"start":{"line":75,"column":4},"end":{"line":75,"column":50}},"type":"if","locations":[{"start":{"line":75,"column":4},"end":{"line":75,"column":50}},{"start":{},"end":{}}]},"7":{"loc":{"start":{"line":75,"column":8},"end":{"line":75,"column":41}},"type":"binary-expr","locations":[{"start":{"line":75,"column":8},"end":{"line":75,"column":20}},{"start":{"line":75,"column":24},"end":{"line":75,"column":41}}]},"8":{"loc":{"start":{"line":82,"column":6},"end":{"line":82,"column":32}},"type":"if","locations":[{"start":{"line":82,"column":6},"end":{"line":82,"column":32}},{"start":{},"end":{}}]},"9":{"loc":{"start":{"line":118,"column":18},"end":{"line":119,"column":null}},"type":"binary-expr","locations":[{"start":{"line":118,"column":18},"end":{"line":118,"column":35}},{"start":{"line":119,"column":14},"end":{"line":119,"column":55}}]},"10":{"loc":{"start":{"line":193,"column":49},"end":{"line":193,"column":69}},"type":"binary-expr","locations":[{"start":{"line":193,"column":49},"end":{"line":193,"column":60}},{"start":{"line":193,"column":64},"end":{"line":193,"column":69}}]},"11":{"loc":{"start":{"line":197,"column":11},"end":{"line":203,"column":null}},"type":"binary-expr","locations":[{"start":{"line":197,"column":11},"end":{"line":197,"column":22}},{"start":{"line":198,"column":12},"end":{"line":202,"column":null}}]},"12":{"loc":{"start":{"line":239,"column":9},"end":{"line":280,"column":null}},"type":"binary-expr","locations":[{"start":{"line":239,"column":9},"end":{"line":239,"column":25}},{"start":{"line":239,"column":29},"end":{"line":239,"column":51}},{"start":{"line":240,"column":10},"end":{"line":279,"column":null}}]}},"s":{"0":1,"1":1,"2":1,"3":1,"4":5,"5":5,"6":5,"7":1,"8":1,"9":4,"10":1,"11":1,"12":5,"13":28,"14":28,"15":28,"16":28,"17":66,"18":28,"19":28,"20":25,"21":15,"22":10,"23":10,"24":8,"25":8,"26":8,"27":2,"28":6,"29":6,"30":6,"31":6,"32":5,"33":5,"34":5,"35":5,"36":1,"37":5,"38":5,"39":3,"40":28,"41":25,"42":25,"43":25,"44":25,"45":28,"46":10,"47":54,"48":4,"49":4,"50":4,"51":4,"52":4,"53":1},"f":{"0":5,"1":28,"2":66,"3":25,"4":6,"5":1,"6":25,"7":25,"8":10,"9":54,"10":4,"11":4,"12":4},"b":{"0":[1,4],"1":[5,4,4,4],"2":[1,3],"3":[4,3,3,3],"4":[28,1],"5":[27,1],"6":[15,10],"7":[25,24],"8":[2,6],"9":[5,0],"10":[28,1],"11":[28,3],"12":[28,13,3]}}
}
