TN:
SF:src\pages\HardwarePrediction.tsx
FN:31,(anonymous_9)
FN:50,(anonymous_10)
FN:69,HardwarePrediction
FN:78,(anonymous_12)
FN:85,(anonymous_13)
FN:96,(anonymous_14)
FN:115,(anonymous_15)
FN:118,(anonymous_16)
FN:210,(anonymous_17)
FN:213,(anonymous_18)
FN:240,(anonymous_19)
FNF:11
FNH:11
FNDA:20,(anonymous_9)
FNDA:6,(anonymous_10)
FNDA:15,HardwarePrediction
FNDA:13,(anonymous_12)
FNDA:10,(anonymous_13)
FNDA:2,(anonymous_14)
FNDA:13,(anonymous_15)
FNDA:13,(anonymous_16)
FNDA:4,(anonymous_17)
FNDA:30,(anonymous_18)
FNDA:2,(anonymous_19)
DA:2,1
DA:3,1
DA:12,1
DA:31,1
DA:32,20
DA:50,1
DA:54,6
DA:70,15
DA:71,15
DA:74,15
DA:75,15
DA:76,15
DA:78,15
DA:79,13
DA:80,13
DA:81,10
DA:83,10
DA:84,10
DA:86,10
DA:90,10
DA:91,10
DA:92,3
DA:94,3
DA:96,2
DA:101,3
DA:102,3
DA:103,3
DA:104,3
DA:106,7
DA:107,7
DA:108,7
DA:111,3
DA:115,15
DA:116,13
DA:117,13
DA:118,13
DA:121,15
DA:210,4
DA:214,30
DA:241,2
DA:297,1
LF:41
LH:41
BRDA:31,0,0,6
BRDA:86,1,0,10
BRDA:86,1,1,2
BRDA:90,2,0,8
BRDA:90,2,1,2
BRDA:91,3,0,3
BRDA:91,3,1,7
BRDA:91,4,0,10
BRDA:91,4,1,8
BRDA:194,5,0,15
BRDA:194,5,1,1
BRDA:221,6,0,15
BRDA:221,6,1,14
BRDA:221,6,2,6
BRDA:238,7,0,1
BRDA:238,7,1,5
BRF:16
BRH:16
end_of_record
TN:
SF:src\pages\HomePage.tsx
FN:18,HomePage
FN:21,(anonymous_10)
FN:22,(anonymous_11)
FN:23,(anonymous_12)
FN:26,(anonymous_13)
FN:246,(anonymous_14)
FNF:6
FNH:6
FNDA:27,HomePage
FNDA:25,(anonymous_10)
FNDA:1,(anonymous_11)
FNDA:1,(anonymous_12)
FNDA:25,(anonymous_13)
FNDA:234,(anonymous_14)
DA:1,1
DA:2,1
DA:10,1
DA:12,1
DA:19,27
DA:21,26
DA:22,25
DA:23,1
DA:26,25
DA:28,26
DA:247,234
DA:314,1
LF:12
LH:12
BRDA:57,0,0,26
BRDA:57,0,1,25
BRF:2
BRH:2
end_of_record
TN:
SF:src\pages\Maintenance.tsx
FN:3,MaintenanceShowcase
FNF:1
FNH:1
FNDA:8,MaintenanceShowcase
DA:1,1
DA:4,8
DA:300,1
LF:3
LH:3
BRF:0
BRH:0
end_of_record
TN:
SF:src\pages\Report.tsx
FN:743,(anonymous_10)
FN:755,(anonymous_11)
FN:758,(anonymous_12)
FN:775,(anonymous_13)
FN:783,(anonymous_14)
FN:786,(anonymous_15)
FN:793,(anonymous_16)
FN:794,(anonymous_17)
FN:797,(anonymous_18)
FN:798,(anonymous_19)
FN:799,(anonymous_20)
FN:803,(anonymous_21)
FN:804,(anonymous_22)
FN:805,(anonymous_23)
FN:810,(anonymous_24)
FN:814,(anonymous_25)
FN:826,(anonymous_26)
FN:839,(anonymous_27)
FN:841,(anonymous_28)
FN:960,(anonymous_29)
FN:966,(anonymous_30)
FN:980,(anonymous_31)
FN:983,(anonymous_32)
FN:985,(anonymous_33)
FN:989,(anonymous_34)
FN:991,(anonymous_35)
FN:1023,(anonymous_36)
FN:1024,(anonymous_37)
FN:1025,(anonymous_38)
FN:1028,(anonymous_39)
FN:1032,(anonymous_40)
FN:1035,(anonymous_41)
FN:1041,(anonymous_42)
FN:1073,(anonymous_43)
FN:1131,(anonymous_44)
FN:1212,(anonymous_45)
FN:1228,(anonymous_46)
FN:1236,(anonymous_47)
FN:1253,(anonymous_48)
FN:1267,(anonymous_49)
FN:1321,(anonymous_50)
FN:1323,(anonymous_51)
FN:1326,(anonymous_52)
FN:1328,(anonymous_53)
FN:1332,(anonymous_54)
FN:1334,(anonymous_55)
FN:1425,(anonymous_56)
FN:1429,(anonymous_57)
FN:1432,(anonymous_58)
FN:1434,(anonymous_59)
FN:1437,(anonymous_60)
FN:1444,(anonymous_61)
FN:1447,(anonymous_62)
FN:1454,(anonymous_63)
FN:1535,(anonymous_64)
FN:1561,(anonymous_65)
FNF:56
FNH:50
FNDA:74,(anonymous_10)
FNDA:146,(anonymous_11)
FNDA:0,(anonymous_12)
FNDA:22,(anonymous_13)
FNDA:21,(anonymous_14)
FNDA:1,(anonymous_15)
FNDA:22,(anonymous_16)
FNDA:22,(anonymous_17)
FNDA:21,(anonymous_18)
FNDA:21,(anonymous_19)
FNDA:1,(anonymous_20)
FNDA:21,(anonymous_21)
FNDA:21,(anonymous_22)
FNDA:1,(anonymous_23)
FNDA:22,(anonymous_24)
FNDA:58,(anonymous_25)
FNDA:29,(anonymous_26)
FNDA:146,(anonymous_27)
FNDA:17,(anonymous_28)
FNDA:0,(anonymous_29)
FNDA:0,(anonymous_30)
FNDA:12,(anonymous_31)
FNDA:9,(anonymous_32)
FNDA:14,(anonymous_33)
FNDA:9,(anonymous_34)
FNDA:14,(anonymous_35)
FNDA:5,(anonymous_36)
FNDA:5,(anonymous_37)
FNDA:5,(anonymous_38)
FNDA:7,(anonymous_39)
FNDA:5,(anonymous_40)
FNDA:7,(anonymous_41)
FNDA:5,(anonymous_42)
FNDA:4,(anonymous_43)
FNDA:6,(anonymous_44)
FNDA:0,(anonymous_45)
FNDA:45,(anonymous_46)
FNDA:39,(anonymous_47)
FNDA:0,(anonymous_48)
FNDA:0,(anonymous_49)
FNDA:73,(anonymous_50)
FNDA:12,(anonymous_51)
FNDA:9,(anonymous_52)
FNDA:14,(anonymous_53)
FNDA:9,(anonymous_54)
FNDA:14,(anonymous_55)
FNDA:73,(anonymous_56)
FNDA:5,(anonymous_57)
FNDA:5,(anonymous_58)
FNDA:5,(anonymous_59)
FNDA:7,(anonymous_60)
FNDA:5,(anonymous_61)
FNDA:7,(anonymous_62)
FNDA:5,(anonymous_63)
FNDA:146,(anonymous_64)
FNDA:876,(anonymous_65)
DA:705,1
DA:706,1
DA:707,1
DA:716,1
DA:717,1
DA:720,1
DA:743,1
DA:745,74
DA:746,73
DA:747,73
DA:748,73
DA:749,73
DA:750,73
DA:751,73
DA:752,73
DA:755,73
DA:756,146
DA:758,0
DA:759,0
DA:760,0
DA:761,0
DA:763,0
DA:764,0
DA:766,0
DA:767,0
DA:768,0
DA:770,0
DA:775,73
DA:776,22
DA:784,21
DA:787,1
DA:788,1
DA:793,73
DA:794,22
DA:796,22
DA:797,21
DA:798,21
DA:799,1
DA:802,22
DA:803,21
DA:804,21
DA:805,1
DA:808,22
DA:809,22
DA:810,22
DA:814,73
DA:815,58
DA:819,58
DA:820,58
DA:822,17
DA:825,58
DA:827,29
DA:832,58
DA:833,58
DA:834,17
DA:839,73
DA:840,146
DA:841,146
DA:842,17
DA:844,146
DA:848,73
DA:851,73
DA:856,73
DA:857,73
DA:860,73
DA:861,73
DA:864,73
DA:880,73
DA:896,73
DA:913,73
DA:930,73
DA:949,73
DA:961,0
DA:962,0
DA:963,0
DA:964,0
DA:965,0
DA:966,0
DA:969,0
DA:970,0
DA:971,0
DA:979,73
DA:980,12
DA:982,73
DA:984,9
DA:985,14
DA:988,73
DA:990,9
DA:991,14
DA:994,73
DA:1009,73
DA:1022,73
DA:1023,5
DA:1024,5
DA:1025,73
DA:1026,5
DA:1027,5
DA:1029,7
DA:1032,73
DA:1033,5
DA:1034,5
DA:1036,7
DA:1041,73
DA:1042,5
DA:1043,5
DA:1045,73
DA:1060,73
DA:1073,73
DA:1074,4
DA:1075,3
DA:1076,3
DA:1079,1
DA:1082,1
DA:1088,1
DA:1090,1
DA:1103,1
DA:1104,1
DA:1105,1
DA:1106,1
DA:1113,1
DA:1114,1
DA:1115,1
DA:1116,1
DA:1118,0
DA:1120,0
DA:1124,1
DA:1129,73
DA:1131,6
DA:1133,73
DA:1212,0
DA:1229,45
DA:1235,45
DA:1237,39
DA:1242,45
DA:1253,0
DA:1267,0
DA:1322,73
DA:1323,12
DA:1325,73
DA:1327,9
DA:1328,14
DA:1331,73
DA:1333,9
DA:1334,14
DA:1337,73
DA:1352,73
DA:1426,73
DA:1429,5
DA:1432,5
DA:1434,73
DA:1435,5
DA:1436,5
DA:1438,7
DA:1444,73
DA:1445,5
DA:1446,5
DA:1448,7
DA:1454,73
DA:1455,5
DA:1456,5
DA:1459,73
DA:1475,73
DA:1536,146
DA:1562,876
DA:1585,1
LF:165
LH:141
BRDA:755,0,0,0
BRDA:756,1,0,146
BRDA:756,1,1,0
BRDA:756,2,0,146
BRDA:756,2,1,146
BRDA:760,3,0,0
BRDA:760,3,1,0
BRDA:761,4,0,0
BRDA:761,4,1,0
BRDA:763,5,0,0
BRDA:763,5,1,0
BRDA:763,6,0,0
BRDA:763,6,1,0
BRDA:764,7,0,0
BRDA:764,7,1,0
BRDA:768,8,0,0
BRDA:768,8,1,0
BRDA:820,9,0,17
BRDA:820,9,1,41
BRDA:820,10,0,58
BRDA:820,10,1,32
BRDA:827,11,0,29
BRDA:827,11,1,1
BRDA:827,11,2,0
BRDA:832,12,0,58
BRDA:832,12,1,29
BRDA:833,13,0,17
BRDA:833,13,1,41
BRDA:833,14,0,58
BRDA:833,14,1,32
BRDA:834,15,0,17
BRDA:834,15,1,2
BRDA:839,16,0,0
BRDA:842,17,0,17
BRDA:842,17,1,17
BRDA:849,18,0,73
BRDA:849,18,1,48
BRDA:852,19,0,73
BRDA:852,19,1,52
BRDA:870,20,0,73
BRDA:870,20,1,67
BRDA:871,21,0,73
BRDA:871,21,1,69
BRDA:886,22,0,73
BRDA:886,22,1,71
BRDA:887,23,0,73
BRDA:887,23,1,72
BRDA:902,24,0,73
BRDA:902,24,1,67
BRDA:903,25,0,73
BRDA:903,25,1,69
BRDA:919,26,0,73
BRDA:919,26,1,71
BRDA:920,27,0,73
BRDA:920,27,1,72
BRDA:961,28,0,0
BRDA:961,28,1,0
BRDA:969,29,0,0
BRDA:969,29,1,0
BRDA:985,30,0,14
BRDA:985,30,1,10
BRDA:991,31,0,14
BRDA:991,31,1,10
BRDA:1029,32,0,7
BRDA:1029,32,1,5
BRDA:1029,32,2,5
BRDA:1036,33,0,7
BRDA:1036,33,1,5
BRDA:1036,33,2,5
BRDA:1074,34,0,3
BRDA:1074,34,1,1
BRDA:1108,35,0,1
BRDA:1108,35,1,0
BRDA:1174,36,0,2
BRDA:1174,36,1,71
BRDA:1226,37,0,45
BRDA:1226,37,1,28
BRDA:1227,38,0,73
BRDA:1227,38,1,45
BRDA:1237,39,0,39
BRDA:1237,39,1,0
BRDA:1237,39,2,0
BRDA:1242,40,0,39
BRDA:1242,40,1,6
BRDA:1261,41,0,73
BRDA:1261,41,1,73
BRDA:1275,42,0,73
BRDA:1275,42,1,73
BRDA:1328,43,0,14
BRDA:1328,43,1,10
BRDA:1334,44,0,14
BRDA:1334,44,1,10
BRDA:1352,45,0,7
BRDA:1352,45,1,66
BRDA:1438,46,0,7
BRDA:1438,46,1,5
BRDA:1438,46,2,5
BRDA:1448,47,0,7
BRDA:1448,47,1,5
BRDA:1448,47,2,5
BRDA:1475,48,0,4
BRDA:1475,48,1,69
BRF:102
BRH:79
end_of_record
TN:
SF:src\pages\SignUp.tsx
FN:7,SignUp
FN:25,(anonymous_11)
FN:33,(anonymous_12)
FN:55,(anonymous_13)
FN:59,(anonymous_14)
FN:60,(anonymous_15)
FN:69,(anonymous_16)
FN:76,(anonymous_17)
FN:96,(anonymous_18)
FN:115,(anonymous_19)
FN:157,(anonymous_20)
FN:199,(anonymous_21)
FN:225,(anonymous_22)
FN:242,(anonymous_23)
FN:244,(anonymous_24)
FN:255,(anonymous_25)
FN:259,(anonymous_26)
FNF:17
FNH:13
FNDA:89,SignUp
FNDA:20,(anonymous_11)
FNDA:4,(anonymous_12)
FNDA:40,(anonymous_13)
FNDA:40,(anonymous_14)
FNDA:40,(anonymous_15)
FNDA:4,(anonymous_16)
FNDA:4,(anonymous_17)
FNDA:2,(anonymous_18)
FNDA:267,(anonymous_19)
FNDA:890,(anonymous_20)
FNDA:0,(anonymous_21)
FNDA:0,(anonymous_22)
FNDA:15,(anonymous_23)
FNDA:13,(anonymous_24)
FNDA:0,(anonymous_25)
FNDA:0,(anonymous_26)
DA:1,1
DA:2,1
DA:3,1
DA:4,1
DA:5,1
DA:8,89
DA:10,89
DA:20,89
DA:21,89
DA:22,89
DA:23,89
DA:25,89
DA:27,20
DA:28,20
DA:29,1
DA:33,89
DA:34,4
DA:35,4
DA:37,4
DA:38,0
DA:39,4
DA:40,0
DA:41,4
DA:42,0
DA:43,4
DA:44,4
DA:45,0
DA:46,4
DA:47,0
DA:48,4
DA:49,0
DA:51,4
DA:52,4
DA:55,89
DA:58,40
DA:59,40
DA:60,40
DA:63,89
DA:69,89
DA:73,4
DA:76,89
DA:77,4
DA:78,4
DA:80,4
DA:81,4
DA:94,2
DA:96,2
DA:97,2
DA:100,2
DA:101,2
DA:105,89
DA:116,267
DA:158,890
DA:199,0
DA:225,0
DA:243,15
DA:244,15
DA:255,0
DA:259,0
DA:271,1
DA:357,1
LF:61
LH:51
BRDA:28,0,0,1
BRDA:28,0,1,19
BRDA:37,1,0,0
BRDA:37,1,1,4
BRDA:39,2,0,0
BRDA:39,2,1,4
BRDA:41,3,0,0
BRDA:41,3,1,4
BRDA:43,4,0,0
BRDA:43,4,1,4
BRDA:44,5,0,0
BRDA:44,5,1,4
BRDA:46,6,0,0
BRDA:46,6,1,4
BRDA:48,7,0,0
BRDA:48,7,1,4
BRDA:78,8,0,0
BRDA:78,8,1,4
BRDA:100,9,0,2
BRDA:100,9,1,1
BRDA:129,10,0,267
BRDA:129,10,1,0
BRDA:163,11,0,89
BRDA:163,11,1,0
BRDA:179,12,0,89
BRDA:179,12,1,0
BRDA:190,13,0,0
BRDA:190,13,1,89
BRDA:202,14,0,0
BRDA:202,14,1,89
BRDA:205,15,0,89
BRDA:205,15,1,0
BRDA:216,16,0,0
BRDA:216,16,1,89
BRDA:228,17,0,0
BRDA:228,17,1,89
BRDA:231,18,0,89
BRDA:231,18,1,0
BRDA:240,19,0,19
BRDA:240,19,1,70
BRF:40
BRH:23
end_of_record
TN:
SF:src\pages\SoftwarePrediction.tsx
FN:32,(anonymous_0)
FN:62,SoftwarePrediction
FN:68,(anonymous_2)
FN:74,(anonymous_3)
FN:94,(anonymous_4)
FN:132,(anonymous_5)
FN:141,(anonymous_6)
FN:144,(anonymous_7)
FN:217,(anonymous_8)
FN:231,(anonymous_9)
FN:260,(anonymous_10)
FN:287,StatusBadge
FN:306,RiskBadge
FNF:13
FNH:13
FNDA:5,(anonymous_0)
FNDA:28,SoftwarePrediction
FNDA:66,(anonymous_2)
FNDA:25,(anonymous_3)
FNDA:6,(anonymous_4)
FNDA:1,(anonymous_5)
FNDA:25,(anonymous_6)
FNDA:25,(anonymous_7)
FNDA:10,(anonymous_8)
FNDA:54,(anonymous_9)
FNDA:4,(anonymous_10)
FNDA:4,StatusBadge
FNDA:4,RiskBadge
DA:1,1
DA:2,1
DA:4,1
DA:32,1
DA:38,5
DA:39,5
DA:41,5
DA:47,1
DA:48,1
DA:49,4
DA:55,1
DA:56,1
DA:59,5
DA:63,28
DA:64,28
DA:65,28
DA:68,28
DA:69,66
DA:72,28
DA:74,28
DA:75,25
DA:77,10
DA:78,10
DA:79,8
DA:81,8
DA:82,8
DA:84,6
DA:93,6
DA:95,6
DA:102,6
DA:109,5
DA:116,5
DA:131,5
DA:132,5
DA:134,5
DA:135,5
DA:137,3
DA:141,28
DA:142,25
DA:143,25
DA:144,25
DA:147,28
DA:217,10
DA:232,54
DA:261,4
DA:292,4
DA:297,4
DA:307,4
DA:312,4
DA:321,1
LF:50
LH:50
BRDA:41,0,0,1
BRDA:41,0,1,4
BRDA:42,1,0,5
BRDA:42,1,1,4
BRDA:42,1,2,4
BRDA:42,1,3,4
BRDA:49,2,0,1
BRDA:49,2,1,3
BRDA:50,3,0,4
BRDA:50,3,1,3
BRDA:50,3,2,3
BRDA:50,3,3,3
BRDA:68,4,0,28
BRDA:68,4,1,1
BRDA:72,5,0,27
BRDA:72,5,1,1
BRDA:75,6,0,15
BRDA:75,6,1,10
BRDA:75,7,0,25
BRDA:75,7,1,24
BRDA:82,8,0,2
BRDA:82,8,1,6
BRDA:118,9,0,5
BRDA:118,9,1,0
BRDA:193,10,0,28
BRDA:193,10,1,1
BRDA:197,11,0,28
BRDA:197,11,1,3
BRDA:239,12,0,28
BRDA:239,12,1,13
BRDA:239,12,2,3
BRF:31
BRH:30
end_of_record
